Time resolution is 1 ps
Note: start
Time: 5 ns  Iteration: 1  Process: /DHT11_Interface_tb/uut/line__31  File: C:/Users/hello/Enviroscope files/Demos/oneSensorDemo/oneSensorDemo.srcs/sources_1/new/sensor_data.vhd
Note: State: 0
Time: 5 ns  Iteration: 1  Process: /DHT11_Interface_tb/uut/line__31  File: C:/Users/hello/Enviroscope files/Demos/oneSensorDemo/oneSensorDemo.srcs/sources_1/new/sensor_data.vhd
Note: startsgn: 0
Time: 5 ns  Iteration: 1  Process: /DHT11_Interface_tb/uut/line__31  File: C:/Users/hello/Enviroscope files/Demos/oneSensorDemo/oneSensorDemo.srcs/sources_1/new/sensor_data.vhd
Note: startsgn1: 0
Time: 5 ns  Iteration: 1  Process: /DHT11_Interface_tb/uut/line__31  File: C:/Users/hello/Enviroscope files/Demos/oneSensorDemo/oneSensorDemo.srcs/sources_1/new/sensor_data.vhd
Note: -1
Time: 5 ns  Iteration: 1  Process: /DHT11_Interface_tb/uut/line__31  File: C:/Users/hello/Enviroscope files/Demos/oneSensorDemo/oneSensorDemo.srcs/sources_1/new/sensor_data.vhd
Note: State: 0
Time: 5 ns  Iteration: 1  Process: /DHT11_Interface_tb/uut/line__31  File: C:/Users/hello/Enviroscope files/Demos/oneSensorDemo/oneSensorDemo.srcs/sources_1/new/sensor_data.vhd
Note: start
Time: 15 ns  Iteration: 1  Process: /DHT11_Interface_tb/uut/line__31  File: C:/Users/hello/Enviroscope files/Demos/oneSensorDemo/oneSensorDemo.srcs/sources_1/new/sensor_data.vhd
Note: State: 0
Time: 15 ns  Iteration: 1  Process: /DHT11_Interface_tb/uut/line__31  File: C:/Users/hello/Enviroscope files/Demos/oneSensorDemo/oneSensorDemo.srcs/sources_1/new/sensor_data.vhd
Note: startsgn: 1
Time: 15 ns  Iteration: 1  Process: /DHT11_Interface_tb/uut/line__31  File: C:/Users/hello/Enviroscope files/Demos/oneSensorDemo/oneSensorDemo.srcs/sources_1/new/sensor_data.vhd
Note: startsgn1: 1
Time: 15 ns  Iteration: 1  Process: /DHT11_Interface_tb/uut/line__31  File: C:/Users/hello/Enviroscope files/Demos/oneSensorDemo/oneSensorDemo.srcs/sources_1/new/sensor_data.vhd
Note: -1
Time: 15 ns  Iteration: 1  Process: /DHT11_Interface_tb/uut/line__31  File: C:/Users/hello/Enviroscope files/Demos/oneSensorDemo/oneSensorDemo.srcs/sources_1/new/sensor_data.vhd
Note: State: 0
Time: 15 ns  Iteration: 1  Process: /DHT11_Interface_tb/uut/line__31  File: C:/Users/hello/Enviroscope files/Demos/oneSensorDemo/oneSensorDemo.srcs/sources_1/new/sensor_data.vhd
Note: State: 0
Time: 15 ns  Iteration: 1  Process: /DHT11_Interface_tb/uut/line__31  File: C:/Users/hello/Enviroscope files/Demos/oneSensorDemo/oneSensorDemo.srcs/sources_1/new/sensor_data.vhd
Note: start
Time: 25 ns  Iteration: 1  Process: /DHT11_Interface_tb/uut/line__31  File: C:/Users/hello/Enviroscope files/Demos/oneSensorDemo/oneSensorDemo.srcs/sources_1/new/sensor_data.vhd
Note: State: 1
Time: 25 ns  Iteration: 1  Process: /DHT11_Interface_tb/uut/line__31  File: C:/Users/hello/Enviroscope files/Demos/oneSensorDemo/oneSensorDemo.srcs/sources_1/new/sensor_data.vhd
Note: startsgn: 1
Time: 25 ns  Iteration: 1  Process: /DHT11_Interface_tb/uut/line__31  File: C:/Users/hello/Enviroscope files/Demos/oneSensorDemo/oneSensorDemo.srcs/sources_1/new/sensor_data.vhd
Note: startsgn1: 1
Time: 25 ns  Iteration: 1  Process: /DHT11_Interface_tb/uut/line__31  File: C:/Users/hello/Enviroscope files/Demos/oneSensorDemo/oneSensorDemo.srcs/sources_1/new/sensor_data.vhd
Note: hello
Time: 25 ns  Iteration: 1  Process: /DHT11_Interface_tb/uut/line__31  File: C:/Users/hello/Enviroscope files/Demos/oneSensorDemo/oneSensorDemo.srcs/sources_1/new/sensor_data.vhd
Note: start
Time: 35 ns  Iteration: 1  Process: /DHT11_Interface_tb/uut/line__31  File: C:/Users/hello/Enviroscope files/Demos/oneSensorDemo/oneSensorDemo.srcs/sources_1/new/sensor_data.vhd
Note: State: 1
Time: 35 ns  Iteration: 1  Process: /DHT11_Interface_tb/uut/line__31  File: C:/Users/hello/Enviroscope files/Demos/oneSensorDemo/oneSensorDemo.srcs/sources_1/new/sensor_data.vhd
Note: startsgn: 1
Time: 35 ns  Iteration: 1  Process: /DHT11_Interface_tb/uut/line__31  File: C:/Users/hello/Enviroscope files/Demos/oneSensorDemo/oneSensorDemo.srcs/sources_1/new/sensor_data.vhd
Note: startsgn1: 1
Time: 35 ns  Iteration: 1  Process: /DHT11_Interface_tb/uut/line__31  File: C:/Users/hello/Enviroscope files/Demos/oneSensorDemo/oneSensorDemo.srcs/sources_1/new/sensor_data.vhd
Note: hello
Time: 35 ns  Iteration: 1  Process: /DHT11_Interface_tb/uut/line__31  File: C:/Users/hello/Enviroscope files/Demos/oneSensorDemo/oneSensorDemo.srcs/sources_1/new/sensor_data.vhd
Note: start
Time: 45 ns  Iteration: 1  Process: /DHT11_Interface_tb/uut/line__31  File: C:/Users/hello/Enviroscope files/Demos/oneSensorDemo/oneSensorDemo.srcs/sources_1/new/sensor_data.vhd
Note: State: 1
Time: 45 ns  Iteration: 1  Process: /DHT11_Interface_tb/uut/line__31  File: C:/Users/hello/Enviroscope files/Demos/oneSensorDemo/oneSensorDemo.srcs/sources_1/new/sensor_data.vhd
Note: startsgn: 1
Time: 45 ns  Iteration: 1  Process: /DHT11_Interface_tb/uut/line__31  File: C:/Users/hello/Enviroscope files/Demos/oneSensorDemo/oneSensorDemo.srcs/sources_1/new/sensor_data.vhd
Note: startsgn1: 1
Time: 45 ns  Iteration: 1  Process: /DHT11_Interface_tb/uut/line__31  File: C:/Users/hello/Enviroscope files/Demos/oneSensorDemo/oneSensorDemo.srcs/sources_1/new/sensor_data.vhd
Note: hello
Time: 45 ns  Iteration: 1  Process: /DHT11_Interface_tb/uut/line__31  File: C:/Users/hello/Enviroscope files/Demos/oneSensorDemo/oneSensorDemo.srcs/sources_1/new/sensor_data.vhd
Note: start
Time: 55 ns  Iteration: 1  Process: /DHT11_Interface_tb/uut/line__31  File: C:/Users/hello/Enviroscope files/Demos/oneSensorDemo/oneSensorDemo.srcs/sources_1/new/sensor_data.vhd
Note: State: 1
Time: 55 ns  Iteration: 1  Process: /DHT11_Interface_tb/uut/line__31  File: C:/Users/hello/Enviroscope files/Demos/oneSensorDemo/oneSensorDemo.srcs/sources_1/new/sensor_data.vhd
Note: startsgn: 1
Time: 55 ns  Iteration: 1  Process: /DHT11_Interface_tb/uut/line__31  File: C:/Users/hello/Enviroscope files/Demos/oneSensorDemo/oneSensorDemo.srcs/sources_1/new/sensor_data.vhd
Note: startsgn1: 1
Time: 55 ns  Iteration: 1  Process: /DHT11_Interface_tb/uut/line__31  File: C:/Users/hello/Enviroscope files/Demos/oneSensorDemo/oneSensorDemo.srcs/sources_1/new/sensor_data.vhd
Note: hello
Time: 55 ns  Iteration: 1  Process: /DHT11_Interface_tb/uut/line__31  File: C:/Users/hello/Enviroscope files/Demos/oneSensorDemo/oneSensorDemo.srcs/sources_1/new/sensor_data.vhd
Note: start
Time: 65 ns  Iteration: 1  Process: /DHT11_Interface_tb/uut/line__31  File: C:/Users/hello/Enviroscope files/Demos/oneSensorDemo/oneSensorDemo.srcs/sources_1/new/sensor_data.vhd
Note: State: 1
Time: 65 ns  Iteration: 1  Process: /DHT11_Interface_tb/uut/line__31  File: C:/Users/hello/Enviroscope files/Demos/oneSensorDemo/oneSensorDemo.srcs/sources_1/new/sensor_data.vhd
Note: startsgn: 1
Time: 65 ns  Iteration: 1  Process: /DHT11_Interface_tb/uut/line__31  File: C:/Users/hello/Enviroscope files/Demos/oneSensorDemo/oneSensorDemo.srcs/sources_1/new/sensor_data.vhd
Note: startsgn1: 1
Time: 65 ns  Iteration: 1  Process: /DHT11_Interface_tb/uut/line__31  File: C:/Users/hello/Enviroscope files/Demos/oneSensorDemo/oneSensorDemo.srcs/sources_1/new/sensor_data.vhd
Note: hello
Time: 65 ns  Iteration: 1  Process: /DHT11_Interface_tb/uut/line__31  File: C:/Users/hello/Enviroscope files/Demos/oneSensorDemo/oneSensorDemo.srcs/sources_1/new/sensor_data.vhd
Note: start
Time: 75 ns  Iteration: 1  Process: /DHT11_Interface_tb/uut/line__31  File: C:/Users/hello/Enviroscope files/Demos/oneSensorDemo/oneSensorDemo.srcs/sources_1/new/sensor_data.vhd
Note: State: 1
Time: 75 ns  Iteration: 1  Process: /DHT11_Interface_tb/uut/line__31  File: C:/Users/hello/Enviroscope files/Demos/oneSensorDemo/oneSensorDemo.srcs/sources_1/new/sensor_data.vhd
Note: startsgn: 1
Time: 75 ns  Iteration: 1  Process: /DHT11_Interface_tb/uut/line__31  File: C:/Users/hello/Enviroscope files/Demos/oneSensorDemo/oneSensorDemo.srcs/sources_1/new/sensor_data.vhd
Note: startsgn1: 1
Time: 75 ns  Iteration: 1  Process: /DHT11_Interface_tb/uut/line__31  File: C:/Users/hello/Enviroscope files/Demos/oneSensorDemo/oneSensorDemo.srcs/sources_1/new/sensor_data.vhd
Note: hello
Time: 75 ns  Iteration: 1  Process: /DHT11_Interface_tb/uut/line__31  File: C:/Users/hello/Enviroscope files/Demos/oneSensorDemo/oneSensorDemo.srcs/sources_1/new/sensor_data.vhd
Note: start
Time: 85 ns  Iteration: 1  Process: /DHT11_Interface_tb/uut/line__31  File: C:/Users/hello/Enviroscope files/Demos/oneSensorDemo/oneSensorDemo.srcs/sources_1/new/sensor_data.vhd
Note: State: 1
Time: 85 ns  Iteration: 1  Process: /DHT11_Interface_tb/uut/line__31  File: C:/Users/hello/Enviroscope files/Demos/oneSensorDemo/oneSensorDemo.srcs/sources_1/new/sensor_data.vhd
Note: startsgn: 1
Time: 85 ns  Iteration: 1  Process: /DHT11_Interface_tb/uut/line__31  File: C:/Users/hello/Enviroscope files/Demos/oneSensorDemo/oneSensorDemo.srcs/sources_1/new/sensor_data.vhd
Note: startsgn1: 1
Time: 85 ns  Iteration: 1  Process: /DHT11_Interface_tb/uut/line__31  File: C:/Users/hello/Enviroscope files/Demos/oneSensorDemo/oneSensorDemo.srcs/sources_1/new/sensor_data.vhd
Note: hello
Time: 85 ns  Iteration: 1  Process: /DHT11_Interface_tb/uut/line__31  File: C:/Users/hello/Enviroscope files/Demos/oneSensorDemo/oneSensorDemo.srcs/sources_1/new/sensor_data.vhd
Note: start
Time: 95 ns  Iteration: 1  Process: /DHT11_Interface_tb/uut/line__31  File: C:/Users/hello/Enviroscope files/Demos/oneSensorDemo/oneSensorDemo.srcs/sources_1/new/sensor_data.vhd
Note: State: 1
Time: 95 ns  Iteration: 1  Process: /DHT11_Interface_tb/uut/line__31  File: C:/Users/hello/Enviroscope files/Demos/oneSensorDemo/oneSensorDemo.srcs/sources_1/new/sensor_data.vhd
Note: startsgn: 1
Time: 95 ns  Iteration: 1  Process: /DHT11_Interface_tb/uut/line__31  File: C:/Users/hello/Enviroscope files/Demos/oneSensorDemo/oneSensorDemo.srcs/sources_1/new/sensor_data.vhd
Note: startsgn1: 1
Time: 95 ns  Iteration: 1  Process: /DHT11_Interface_tb/uut/line__31  File: C:/Users/hello/Enviroscope files/Demos/oneSensorDemo/oneSensorDemo.srcs/sources_1/new/sensor_data.vhd
Note: hello
Time: 95 ns  Iteration: 1  Process: /DHT11_Interface_tb/uut/line__31  File: C:/Users/hello/Enviroscope files/Demos/oneSensorDemo/oneSensorDemo.srcs/sources_1/new/sensor_data.vhd
Note: start
Time: 105 ns  Iteration: 1  Process: /DHT11_Interface_tb/uut/line__31  File: C:/Users/hello/Enviroscope files/Demos/oneSensorDemo/oneSensorDemo.srcs/sources_1/new/sensor_data.vhd
Note: State: 1
Time: 105 ns  Iteration: 1  Process: /DHT11_Interface_tb/uut/line__31  File: C:/Users/hello/Enviroscope files/Demos/oneSensorDemo/oneSensorDemo.srcs/sources_1/new/sensor_data.vhd
Note: startsgn: 1
Time: 105 ns  Iteration: 1  Process: /DHT11_Interface_tb/uut/line__31  File: C:/Users/hello/Enviroscope files/Demos/oneSensorDemo/oneSensorDemo.srcs/sources_1/new/sensor_data.vhd
Note: startsgn1: 1
Time: 105 ns  Iteration: 1  Process: /DHT11_Interface_tb/uut/line__31  File: C:/Users/hello/Enviroscope files/Demos/oneSensorDemo/oneSensorDemo.srcs/sources_1/new/sensor_data.vhd
Note: hello
Time: 105 ns  Iteration: 1  Process: /DHT11_Interface_tb/uut/line__31  File: C:/Users/hello/Enviroscope files/Demos/oneSensorDemo/oneSensorDemo.srcs/sources_1/new/sensor_data.vhd
Note: start
Time: 115 ns  Iteration: 1  Process: /DHT11_Interface_tb/uut/line__31  File: C:/Users/hello/Enviroscope files/Demos/oneSensorDemo/oneSensorDemo.srcs/sources_1/new/sensor_data.vhd
Note: State: 1
Time: 115 ns  Iteration: 1  Process: /DHT11_Interface_tb/uut/line__31  File: C:/Users/hello/Enviroscope files/Demos/oneSensorDemo/oneSensorDemo.srcs/sources_1/new/sensor_data.vhd
Note: startsgn: 1
Time: 115 ns  Iteration: 1  Process: /DHT11_Interface_tb/uut/line__31  File: C:/Users/hello/Enviroscope files/Demos/oneSensorDemo/oneSensorDemo.srcs/sources_1/new/sensor_data.vhd
Note: startsgn1: 1
Time: 115 ns  Iteration: 1  Process: /DHT11_Interface_tb/uut/line__31  File: C:/Users/hello/Enviroscope files/Demos/oneSensorDemo/oneSensorDemo.srcs/sources_1/new/sensor_data.vhd
Note: hello
Time: 115 ns  Iteration: 1  Process: /DHT11_Interface_tb/uut/line__31  File: C:/Users/hello/Enviroscope files/Demos/oneSensorDemo/oneSensorDemo.srcs/sources_1/new/sensor_data.vhd
Note: start
Time: 125 ns  Iteration: 1  Process: /DHT11_Interface_tb/uut/line__31  File: C:/Users/hello/Enviroscope files/Demos/oneSensorDemo/oneSensorDemo.srcs/sources_1/new/sensor_data.vhd
Note: State: 1
Time: 125 ns  Iteration: 1  Process: /DHT11_Interface_tb/uut/line__31  File: C:/Users/hello/Enviroscope files/Demos/oneSensorDemo/oneSensorDemo.srcs/sources_1/new/sensor_data.vhd
Note: startsgn: 1
Time: 125 ns  Iteration: 1  Process: /DHT11_Interface_tb/uut/line__31  File: C:/Users/hello/Enviroscope files/Demos/oneSensorDemo/oneSensorDemo.srcs/sources_1/new/sensor_data.vhd
Note: startsgn1: 1
Time: 125 ns  Iteration: 1  Process: /DHT11_Interface_tb/uut/line__31  File: C:/Users/hello/Enviroscope files/Demos/oneSensorDemo/oneSensorDemo.srcs/sources_1/new/sensor_data.vhd
Note: hello
Time: 125 ns  Iteration: 1  Process: /DHT11_Interface_tb/uut/line__31  File: C:/Users/hello/Enviroscope files/Demos/oneSensorDemo/oneSensorDemo.srcs/sources_1/new/sensor_data.vhd
Note: start
Time: 135 ns  Iteration: 1  Process: /DHT11_Interface_tb/uut/line__31  File: C:/Users/hello/Enviroscope files/Demos/oneSensorDemo/oneSensorDemo.srcs/sources_1/new/sensor_data.vhd
Note: State: 1
Time: 135 ns  Iteration: 1  Process: /DHT11_Interface_tb/uut/line__31  File: C:/Users/hello/Enviroscope files/Demos/oneSensorDemo/oneSensorDemo.srcs/sources_1/new/sensor_data.vhd
Note: startsgn: 1
Time: 135 ns  Iteration: 1  Process: /DHT11_Interface_tb/uut/line__31  File: C:/Users/hello/Enviroscope files/Demos/oneSensorDemo/oneSensorDemo.srcs/sources_1/new/sensor_data.vhd
Note: startsgn1: 1
Time: 135 ns  Iteration: 1  Process: /DHT11_Interface_tb/uut/line__31  File: C:/Users/hello/Enviroscope files/Demos/oneSensorDemo/oneSensorDemo.srcs/sources_1/new/sensor_data.vhd
Note: hello
Time: 135 ns  Iteration: 1  Process: /DHT11_Interface_tb/uut/line__31  File: C:/Users/hello/Enviroscope files/Demos/oneSensorDemo/oneSensorDemo.srcs/sources_1/new/sensor_data.vhd
Note: start
Time: 145 ns  Iteration: 1  Process: /DHT11_Interface_tb/uut/line__31  File: C:/Users/hello/Enviroscope files/Demos/oneSensorDemo/oneSensorDemo.srcs/sources_1/new/sensor_data.vhd
Note: State: 1
Time: 145 ns  Iteration: 1  Process: /DHT11_Interface_tb/uut/line__31  File: C:/Users/hello/Enviroscope files/Demos/oneSensorDemo/oneSensorDemo.srcs/sources_1/new/sensor_data.vhd
Note: startsgn: 1
Time: 145 ns  Iteration: 1  Process: /DHT11_Interface_tb/uut/line__31  File: C:/Users/hello/Enviroscope files/Demos/oneSensorDemo/oneSensorDemo.srcs/sources_1/new/sensor_data.vhd
Note: startsgn1: 1
Time: 145 ns  Iteration: 1  Process: /DHT11_Interface_tb/uut/line__31  File: C:/Users/hello/Enviroscope files/Demos/oneSensorDemo/oneSensorDemo.srcs/sources_1/new/sensor_data.vhd
Note: hello
Time: 145 ns  Iteration: 1  Process: /DHT11_Interface_tb/uut/line__31  File: C:/Users/hello/Enviroscope files/Demos/oneSensorDemo/oneSensorDemo.srcs/sources_1/new/sensor_data.vhd
Note: start
Time: 155 ns  Iteration: 1  Process: /DHT11_Interface_tb/uut/line__31  File: C:/Users/hello/Enviroscope files/Demos/oneSensorDemo/oneSensorDemo.srcs/sources_1/new/sensor_data.vhd
Note: State: 1
Time: 155 ns  Iteration: 1  Process: /DHT11_Interface_tb/uut/line__31  File: C:/Users/hello/Enviroscope files/Demos/oneSensorDemo/oneSensorDemo.srcs/sources_1/new/sensor_data.vhd
Note: startsgn: 1
Time: 155 ns  Iteration: 1  Process: /DHT11_Interface_tb/uut/line__31  File: C:/Users/hello/Enviroscope files/Demos/oneSensorDemo/oneSensorDemo.srcs/sources_1/new/sensor_data.vhd
Note: startsgn1: 1
Time: 155 ns  Iteration: 1  Process: /DHT11_Interface_tb/uut/line__31  File: C:/Users/hello/Enviroscope files/Demos/oneSensorDemo/oneSensorDemo.srcs/sources_1/new/sensor_data.vhd
Note: hello
Time: 155 ns  Iteration: 1  Process: /DHT11_Interface_tb/uut/line__31  File: C:/Users/hello/Enviroscope files/Demos/oneSensorDemo/oneSensorDemo.srcs/sources_1/new/sensor_data.vhd
Note: start
Time: 165 ns  Iteration: 1  Process: /DHT11_Interface_tb/uut/line__31  File: C:/Users/hello/Enviroscope files/Demos/oneSensorDemo/oneSensorDemo.srcs/sources_1/new/sensor_data.vhd
Note: State: 1
Time: 165 ns  Iteration: 1  Process: /DHT11_Interface_tb/uut/line__31  File: C:/Users/hello/Enviroscope files/Demos/oneSensorDemo/oneSensorDemo.srcs/sources_1/new/sensor_data.vhd
Note: startsgn: 1
Time: 165 ns  Iteration: 1  Process: /DHT11_Interface_tb/uut/line__31  File: C:/Users/hello/Enviroscope files/Demos/oneSensorDemo/oneSensorDemo.srcs/sources_1/new/sensor_data.vhd
Note: startsgn1: 1
Time: 165 ns  Iteration: 1  Process: /DHT11_Interface_tb/uut/line__31  File: C:/Users/hello/Enviroscope files/Demos/oneSensorDemo/oneSensorDemo.srcs/sources_1/new/sensor_data.vhd
Note: hello
Time: 165 ns  Iteration: 1  Process: /DHT11_Interface_tb/uut/line__31  File: C:/Users/hello/Enviroscope files/Demos/oneSensorDemo/oneSensorDemo.srcs/sources_1/new/sensor_data.vhd
Note: start
Time: 175 ns  Iteration: 1  Process: /DHT11_Interface_tb/uut/line__31  File: C:/Users/hello/Enviroscope files/Demos/oneSensorDemo/oneSensorDemo.srcs/sources_1/new/sensor_data.vhd
Note: State: 1
Time: 175 ns  Iteration: 1  Process: /DHT11_Interface_tb/uut/line__31  File: C:/Users/hello/Enviroscope files/Demos/oneSensorDemo/oneSensorDemo.srcs/sources_1/new/sensor_data.vhd
Note: startsgn: 1
Time: 175 ns  Iteration: 1  Process: /DHT11_Interface_tb/uut/line__31  File: C:/Users/hello/Enviroscope files/Demos/oneSensorDemo/oneSensorDemo.srcs/sources_1/new/sensor_data.vhd
Note: startsgn1: 1
Time: 175 ns  Iteration: 1  Process: /DHT11_Interface_tb/uut/line__31  File: C:/Users/hello/Enviroscope files/Demos/oneSensorDemo/oneSensorDemo.srcs/sources_1/new/sensor_data.vhd
Note: hello
Time: 175 ns  Iteration: 1  Process: /DHT11_Interface_tb/uut/line__31  File: C:/Users/hello/Enviroscope files/Demos/oneSensorDemo/oneSensorDemo.srcs/sources_1/new/sensor_data.vhd
Note: start
Time: 185 ns  Iteration: 1  Process: /DHT11_Interface_tb/uut/line__31  File: C:/Users/hello/Enviroscope files/Demos/oneSensorDemo/oneSensorDemo.srcs/sources_1/new/sensor_data.vhd
Note: State: 1
Time: 185 ns  Iteration: 1  Process: /DHT11_Interface_tb/uut/line__31  File: C:/Users/hello/Enviroscope files/Demos/oneSensorDemo/oneSensorDemo.srcs/sources_1/new/sensor_data.vhd
Note: startsgn: 1
Time: 185 ns  Iteration: 1  Process: /DHT11_Interface_tb/uut/line__31  File: C:/Users/hello/Enviroscope files/Demos/oneSensorDemo/oneSensorDemo.srcs/sources_1/new/sensor_data.vhd
Note: startsgn1: 1
Time: 185 ns  Iteration: 1  Process: /DHT11_Interface_tb/uut/line__31  File: C:/Users/hello/Enviroscope files/Demos/oneSensorDemo/oneSensorDemo.srcs/sources_1/new/sensor_data.vhd
Note: hello
Time: 185 ns  Iteration: 1  Process: /DHT11_Interface_tb/uut/line__31  File: C:/Users/hello/Enviroscope files/Demos/oneSensorDemo/oneSensorDemo.srcs/sources_1/new/sensor_data.vhd
Note: start
Time: 195 ns  Iteration: 1  Process: /DHT11_Interface_tb/uut/line__31  File: C:/Users/hello/Enviroscope files/Demos/oneSensorDemo/oneSensorDemo.srcs/sources_1/new/sensor_data.vhd
Note: State: 1
Time: 195 ns  Iteration: 1  Process: /DHT11_Interface_tb/uut/line__31  File: C:/Users/hello/Enviroscope files/Demos/oneSensorDemo/oneSensorDemo.srcs/sources_1/new/sensor_data.vhd
Note: startsgn: 1
Time: 195 ns  Iteration: 1  Process: /DHT11_Interface_tb/uut/line__31  File: C:/Users/hello/Enviroscope files/Demos/oneSensorDemo/oneSensorDemo.srcs/sources_1/new/sensor_data.vhd
Note: startsgn1: 1
Time: 195 ns  Iteration: 1  Process: /DHT11_Interface_tb/uut/line__31  File: C:/Users/hello/Enviroscope files/Demos/oneSensorDemo/oneSensorDemo.srcs/sources_1/new/sensor_data.vhd
Note: hello
Time: 195 ns  Iteration: 1  Process: /DHT11_Interface_tb/uut/line__31  File: C:/Users/hello/Enviroscope files/Demos/oneSensorDemo/oneSensorDemo.srcs/sources_1/new/sensor_data.vhd
Note: start
Time: 205 ns  Iteration: 1  Process: /DHT11_Interface_tb/uut/line__31  File: C:/Users/hello/Enviroscope files/Demos/oneSensorDemo/oneSensorDemo.srcs/sources_1/new/sensor_data.vhd
Note: State: 1
Time: 205 ns  Iteration: 1  Process: /DHT11_Interface_tb/uut/line__31  File: C:/Users/hello/Enviroscope files/Demos/oneSensorDemo/oneSensorDemo.srcs/sources_1/new/sensor_data.vhd
Note: startsgn: 1
Time: 205 ns  Iteration: 1  Process: /DHT11_Interface_tb/uut/line__31  File: C:/Users/hello/Enviroscope files/Demos/oneSensorDemo/oneSensorDemo.srcs/sources_1/new/sensor_data.vhd
Note: startsgn1: 1
Time: 205 ns  Iteration: 1  Process: /DHT11_Interface_tb/uut/line__31  File: C:/Users/hello/Enviroscope files/Demos/oneSensorDemo/oneSensorDemo.srcs/sources_1/new/sensor_data.vhd
Note: hello
Time: 205 ns  Iteration: 1  Process: /DHT11_Interface_tb/uut/line__31  File: C:/Users/hello/Enviroscope files/Demos/oneSensorDemo/oneSensorDemo.srcs/sources_1/new/sensor_data.vhd
Note: start
Time: 215 ns  Iteration: 1  Process: /DHT11_Interface_tb/uut/line__31  File: C:/Users/hello/Enviroscope files/Demos/oneSensorDemo/oneSensorDemo.srcs/sources_1/new/sensor_data.vhd
Note: State: 1
Time: 215 ns  Iteration: 1  Process: /DHT11_Interface_tb/uut/line__31  File: C:/Users/hello/Enviroscope files/Demos/oneSensorDemo/oneSensorDemo.srcs/sources_1/new/sensor_data.vhd
Note: startsgn: 1
Time: 215 ns  Iteration: 1  Process: /DHT11_Interface_tb/uut/line__31  File: C:/Users/hello/Enviroscope files/Demos/oneSensorDemo/oneSensorDemo.srcs/sources_1/new/sensor_data.vhd
Note: startsgn1: 1
Time: 215 ns  Iteration: 1  Process: /DHT11_Interface_tb/uut/line__31  File: C:/Users/hello/Enviroscope files/Demos/oneSensorDemo/oneSensorDemo.srcs/sources_1/new/sensor_data.vhd
Note: hello
Time: 215 ns  Iteration: 1  Process: /DHT11_Interface_tb/uut/line__31  File: C:/Users/hello/Enviroscope files/Demos/oneSensorDemo/oneSensorDemo.srcs/sources_1/new/sensor_data.vhd
Note: start
Time: 225 ns  Iteration: 1  Process: /DHT11_Interface_tb/uut/line__31  File: C:/Users/hello/Enviroscope files/Demos/oneSensorDemo/oneSensorDemo.srcs/sources_1/new/sensor_data.vhd
Note: State: 1
Time: 225 ns  Iteration: 1  Process: /DHT11_Interface_tb/uut/line__31  File: C:/Users/hello/Enviroscope files/Demos/oneSensorDemo/oneSensorDemo.srcs/sources_1/new/sensor_data.vhd
Note: startsgn: 1
Time: 225 ns  Iteration: 1  Process: /DHT11_Interface_tb/uut/line__31  File: C:/Users/hello/Enviroscope files/Demos/oneSensorDemo/oneSensorDemo.srcs/sources_1/new/sensor_data.vhd
Note: startsgn1: 1
Time: 225 ns  Iteration: 1  Process: /DHT11_Interface_tb/uut/line__31  File: C:/Users/hello/Enviroscope files/Demos/oneSensorDemo/oneSensorDemo.srcs/sources_1/new/sensor_data.vhd
Note: hello
Time: 225 ns  Iteration: 1  Process: /DHT11_Interface_tb/uut/line__31  File: C:/Users/hello/Enviroscope files/Demos/oneSensorDemo/oneSensorDemo.srcs/sources_1/new/sensor_data.vhd
Note: start
Time: 235 ns  Iteration: 1  Process: /DHT11_Interface_tb/uut/line__31  File: C:/Users/hello/Enviroscope files/Demos/oneSensorDemo/oneSensorDemo.srcs/sources_1/new/sensor_data.vhd
Note: State: 1
Time: 235 ns  Iteration: 1  Process: /DHT11_Interface_tb/uut/line__31  File: C:/Users/hello/Enviroscope files/Demos/oneSensorDemo/oneSensorDemo.srcs/sources_1/new/sensor_data.vhd
Note: startsgn: 1
Time: 235 ns  Iteration: 1  Process: /DHT11_Interface_tb/uut/line__31  File: C:/Users/hello/Enviroscope files/Demos/oneSensorDemo/oneSensorDemo.srcs/sources_1/new/sensor_data.vhd
Note: startsgn1: 1
Time: 235 ns  Iteration: 1  Process: /DHT11_Interface_tb/uut/line__31  File: C:/Users/hello/Enviroscope files/Demos/oneSensorDemo/oneSensorDemo.srcs/sources_1/new/sensor_data.vhd
Note: hello
Time: 235 ns  Iteration: 1  Process: /DHT11_Interface_tb/uut/line__31  File: C:/Users/hello/Enviroscope files/Demos/oneSensorDemo/oneSensorDemo.srcs/sources_1/new/sensor_data.vhd
Note: start
Time: 245 ns  Iteration: 1  Process: /DHT11_Interface_tb/uut/line__31  File: C:/Users/hello/Enviroscope files/Demos/oneSensorDemo/oneSensorDemo.srcs/sources_1/new/sensor_data.vhd
Note: State: 1
Time: 245 ns  Iteration: 1  Process: /DHT11_Interface_tb/uut/line__31  File: C:/Users/hello/Enviroscope files/Demos/oneSensorDemo/oneSensorDemo.srcs/sources_1/new/sensor_data.vhd
Note: startsgn: 1
Time: 245 ns  Iteration: 1  Process: /DHT11_Interface_tb/uut/line__31  File: C:/Users/hello/Enviroscope files/Demos/oneSensorDemo/oneSensorDemo.srcs/sources_1/new/sensor_data.vhd
Note: startsgn1: 1
Time: 245 ns  Iteration: 1  Process: /DHT11_Interface_tb/uut/line__31  File: C:/Users/hello/Enviroscope files/Demos/oneSensorDemo/oneSensorDemo.srcs/sources_1/new/sensor_data.vhd
Note: hello
Time: 245 ns  Iteration: 1  Process: /DHT11_Interface_tb/uut/line__31  File: C:/Users/hello/Enviroscope files/Demos/oneSensorDemo/oneSensorDemo.srcs/sources_1/new/sensor_data.vhd
Note: start
Time: 255 ns  Iteration: 1  Process: /DHT11_Interface_tb/uut/line__31  File: C:/Users/hello/Enviroscope files/Demos/oneSensorDemo/oneSensorDemo.srcs/sources_1/new/sensor_data.vhd
Note: State: 1
Time: 255 ns  Iteration: 1  Process: /DHT11_Interface_tb/uut/line__31  File: C:/Users/hello/Enviroscope files/Demos/oneSensorDemo/oneSensorDemo.srcs/sources_1/new/sensor_data.vhd
Note: startsgn: 1
Time: 255 ns  Iteration: 1  Process: /DHT11_Interface_tb/uut/line__31  File: C:/Users/hello/Enviroscope files/Demos/oneSensorDemo/oneSensorDemo.srcs/sources_1/new/sensor_data.vhd
Note: startsgn1: 1
Time: 255 ns  Iteration: 1  Process: /DHT11_Interface_tb/uut/line__31  File: C:/Users/hello/Enviroscope files/Demos/oneSensorDemo/oneSensorDemo.srcs/sources_1/new/sensor_data.vhd
Note: hello
Time: 255 ns  Iteration: 1  Process: /DHT11_Interface_tb/uut/line__31  File: C:/Users/hello/Enviroscope files/Demos/oneSensorDemo/oneSensorDemo.srcs/sources_1/new/sensor_data.vhd
Note: start
Time: 265 ns  Iteration: 1  Process: /DHT11_Interface_tb/uut/line__31  File: C:/Users/hello/Enviroscope files/Demos/oneSensorDemo/oneSensorDemo.srcs/sources_1/new/sensor_data.vhd
Note: State: 1
Time: 265 ns  Iteration: 1  Process: /DHT11_Interface_tb/uut/line__31  File: C:/Users/hello/Enviroscope files/Demos/oneSensorDemo/oneSensorDemo.srcs/sources_1/new/sensor_data.vhd
Note: startsgn: 1
Time: 265 ns  Iteration: 1  Process: /DHT11_Interface_tb/uut/line__31  File: C:/Users/hello/Enviroscope files/Demos/oneSensorDemo/oneSensorDemo.srcs/sources_1/new/sensor_data.vhd
Note: startsgn1: 1
Time: 265 ns  Iteration: 1  Process: /DHT11_Interface_tb/uut/line__31  File: C:/Users/hello/Enviroscope files/Demos/oneSensorDemo/oneSensorDemo.srcs/sources_1/new/sensor_data.vhd
Note: hello
Time: 265 ns  Iteration: 1  Process: /DHT11_Interface_tb/uut/line__31  File: C:/Users/hello/Enviroscope files/Demos/oneSensorDemo/oneSensorDemo.srcs/sources_1/new/sensor_data.vhd
Note: start
Time: 275 ns  Iteration: 1  Process: /DHT11_Interface_tb/uut/line__31  File: C:/Users/hello/Enviroscope files/Demos/oneSensorDemo/oneSensorDemo.srcs/sources_1/new/sensor_data.vhd
Note: State: 1
Time: 275 ns  Iteration: 1  Process: /DHT11_Interface_tb/uut/line__31  File: C:/Users/hello/Enviroscope files/Demos/oneSensorDemo/oneSensorDemo.srcs/sources_1/new/sensor_data.vhd
Note: startsgn: 1
Time: 275 ns  Iteration: 1  Process: /DHT11_Interface_tb/uut/line__31  File: C:/Users/hello/Enviroscope files/Demos/oneSensorDemo/oneSensorDemo.srcs/sources_1/new/sensor_data.vhd
Note: startsgn1: 1
Time: 275 ns  Iteration: 1  Process: /DHT11_Interface_tb/uut/line__31  File: C:/Users/hello/Enviroscope files/Demos/oneSensorDemo/oneSensorDemo.srcs/sources_1/new/sensor_data.vhd
Note: hello
Time: 275 ns  Iteration: 1  Process: /DHT11_Interface_tb/uut/line__31  File: C:/Users/hello/Enviroscope files/Demos/oneSensorDemo/oneSensorDemo.srcs/sources_1/new/sensor_data.vhd
Note: start
Time: 285 ns  Iteration: 1  Process: /DHT11_Interface_tb/uut/line__31  File: C:/Users/hello/Enviroscope files/Demos/oneSensorDemo/oneSensorDemo.srcs/sources_1/new/sensor_data.vhd
Note: State: 1
Time: 285 ns  Iteration: 1  Process: /DHT11_Interface_tb/uut/line__31  File: C:/Users/hello/Enviroscope files/Demos/oneSensorDemo/oneSensorDemo.srcs/sources_1/new/sensor_data.vhd
Note: startsgn: 1
Time: 285 ns  Iteration: 1  Process: /DHT11_Interface_tb/uut/line__31  File: C:/Users/hello/Enviroscope files/Demos/oneSensorDemo/oneSensorDemo.srcs/sources_1/new/sensor_data.vhd
Note: startsgn1: 1
Time: 285 ns  Iteration: 1  Process: /DHT11_Interface_tb/uut/line__31  File: C:/Users/hello/Enviroscope files/Demos/oneSensorDemo/oneSensorDemo.srcs/sources_1/new/sensor_data.vhd
Note: hello
Time: 285 ns  Iteration: 1  Process: /DHT11_Interface_tb/uut/line__31  File: C:/Users/hello/Enviroscope files/Demos/oneSensorDemo/oneSensorDemo.srcs/sources_1/new/sensor_data.vhd
Note: hellooo
Time: 285 ns  Iteration: 1  Process: /DHT11_Interface_tb/uut/line__31  File: C:/Users/hello/Enviroscope files/Demos/oneSensorDemo/oneSensorDemo.srcs/sources_1/new/sensor_data.vhd
Note: start
Time: 295 ns  Iteration: 1  Process: /DHT11_Interface_tb/uut/line__31  File: C:/Users/hello/Enviroscope files/Demos/oneSensorDemo/oneSensorDemo.srcs/sources_1/new/sensor_data.vhd
Note: State: 2
Time: 295 ns  Iteration: 1  Process: /DHT11_Interface_tb/uut/line__31  File: C:/Users/hello/Enviroscope files/Demos/oneSensorDemo/oneSensorDemo.srcs/sources_1/new/sensor_data.vhd
Note: startsgn: 1
Time: 295 ns  Iteration: 1  Process: /DHT11_Interface_tb/uut/line__31  File: C:/Users/hello/Enviroscope files/Demos/oneSensorDemo/oneSensorDemo.srcs/sources_1/new/sensor_data.vhd
Note: startsgn1: 1
Time: 295 ns  Iteration: 1  Process: /DHT11_Interface_tb/uut/line__31  File: C:/Users/hello/Enviroscope files/Demos/oneSensorDemo/oneSensorDemo.srcs/sources_1/new/sensor_data.vhd
Note: start
Time: 305 ns  Iteration: 1  Process: /DHT11_Interface_tb/uut/line__31  File: C:/Users/hello/Enviroscope files/Demos/oneSensorDemo/oneSensorDemo.srcs/sources_1/new/sensor_data.vhd
Note: State: 2
Time: 305 ns  Iteration: 1  Process: /DHT11_Interface_tb/uut/line__31  File: C:/Users/hello/Enviroscope files/Demos/oneSensorDemo/oneSensorDemo.srcs/sources_1/new/sensor_data.vhd
Note: startsgn: 1
Time: 305 ns  Iteration: 1  Process: /DHT11_Interface_tb/uut/line__31  File: C:/Users/hello/Enviroscope files/Demos/oneSensorDemo/oneSensorDemo.srcs/sources_1/new/sensor_data.vhd
Note: startsgn1: 1
Time: 305 ns  Iteration: 1  Process: /DHT11_Interface_tb/uut/line__31  File: C:/Users/hello/Enviroscope files/Demos/oneSensorDemo/oneSensorDemo.srcs/sources_1/new/sensor_data.vhd
Note: start
Time: 315 ns  Iteration: 1  Process: /DHT11_Interface_tb/uut/line__31  File: C:/Users/hello/Enviroscope files/Demos/oneSensorDemo/oneSensorDemo.srcs/sources_1/new/sensor_data.vhd
Note: State: 2
Time: 315 ns  Iteration: 1  Process: /DHT11_Interface_tb/uut/line__31  File: C:/Users/hello/Enviroscope files/Demos/oneSensorDemo/oneSensorDemo.srcs/sources_1/new/sensor_data.vhd
Note: startsgn: 1
Time: 315 ns  Iteration: 1  Process: /DHT11_Interface_tb/uut/line__31  File: C:/Users/hello/Enviroscope files/Demos/oneSensorDemo/oneSensorDemo.srcs/sources_1/new/sensor_data.vhd
Note: startsgn1: 1
Time: 315 ns  Iteration: 1  Process: /DHT11_Interface_tb/uut/line__31  File: C:/Users/hello/Enviroscope files/Demos/oneSensorDemo/oneSensorDemo.srcs/sources_1/new/sensor_data.vhd
Note: start
Time: 325 ns  Iteration: 1  Process: /DHT11_Interface_tb/uut/line__31  File: C:/Users/hello/Enviroscope files/Demos/oneSensorDemo/oneSensorDemo.srcs/sources_1/new/sensor_data.vhd
Note: State: 2
Time: 325 ns  Iteration: 1  Process: /DHT11_Interface_tb/uut/line__31  File: C:/Users/hello/Enviroscope files/Demos/oneSensorDemo/oneSensorDemo.srcs/sources_1/new/sensor_data.vhd
Note: startsgn: 1
Time: 325 ns  Iteration: 1  Process: /DHT11_Interface_tb/uut/line__31  File: C:/Users/hello/Enviroscope files/Demos/oneSensorDemo/oneSensorDemo.srcs/sources_1/new/sensor_data.vhd
Note: startsgn1: 1
Time: 325 ns  Iteration: 1  Process: /DHT11_Interface_tb/uut/line__31  File: C:/Users/hello/Enviroscope files/Demos/oneSensorDemo/oneSensorDemo.srcs/sources_1/new/sensor_data.vhd
Note: start
Time: 335 ns  Iteration: 1  Process: /DHT11_Interface_tb/uut/line__31  File: C:/Users/hello/Enviroscope files/Demos/oneSensorDemo/oneSensorDemo.srcs/sources_1/new/sensor_data.vhd
Note: State: 2
Time: 335 ns  Iteration: 1  Process: /DHT11_Interface_tb/uut/line__31  File: C:/Users/hello/Enviroscope files/Demos/oneSensorDemo/oneSensorDemo.srcs/sources_1/new/sensor_data.vhd
Note: startsgn: 1
Time: 335 ns  Iteration: 1  Process: /DHT11_Interface_tb/uut/line__31  File: C:/Users/hello/Enviroscope files/Demos/oneSensorDemo/oneSensorDemo.srcs/sources_1/new/sensor_data.vhd
Note: startsgn1: 1
Time: 335 ns  Iteration: 1  Process: /DHT11_Interface_tb/uut/line__31  File: C:/Users/hello/Enviroscope files/Demos/oneSensorDemo/oneSensorDemo.srcs/sources_1/new/sensor_data.vhd
Note: start
Time: 345 ns  Iteration: 1  Process: /DHT11_Interface_tb/uut/line__31  File: C:/Users/hello/Enviroscope files/Demos/oneSensorDemo/oneSensorDemo.srcs/sources_1/new/sensor_data.vhd
Note: State: 2
Time: 345 ns  Iteration: 1  Process: /DHT11_Interface_tb/uut/line__31  File: C:/Users/hello/Enviroscope files/Demos/oneSensorDemo/oneSensorDemo.srcs/sources_1/new/sensor_data.vhd
Note: startsgn: 1
Time: 345 ns  Iteration: 1  Process: /DHT11_Interface_tb/uut/line__31  File: C:/Users/hello/Enviroscope files/Demos/oneSensorDemo/oneSensorDemo.srcs/sources_1/new/sensor_data.vhd
Note: startsgn1: 1
Time: 345 ns  Iteration: 1  Process: /DHT11_Interface_tb/uut/line__31  File: C:/Users/hello/Enviroscope files/Demos/oneSensorDemo/oneSensorDemo.srcs/sources_1/new/sensor_data.vhd
Note: start
Time: 355 ns  Iteration: 1  Process: /DHT11_Interface_tb/uut/line__31  File: C:/Users/hello/Enviroscope files/Demos/oneSensorDemo/oneSensorDemo.srcs/sources_1/new/sensor_data.vhd
Note: State: 2
Time: 355 ns  Iteration: 1  Process: /DHT11_Interface_tb/uut/line__31  File: C:/Users/hello/Enviroscope files/Demos/oneSensorDemo/oneSensorDemo.srcs/sources_1/new/sensor_data.vhd
Note: startsgn: 1
Time: 355 ns  Iteration: 1  Process: /DHT11_Interface_tb/uut/line__31  File: C:/Users/hello/Enviroscope files/Demos/oneSensorDemo/oneSensorDemo.srcs/sources_1/new/sensor_data.vhd
Note: startsgn1: 1
Time: 355 ns  Iteration: 1  Process: /DHT11_Interface_tb/uut/line__31  File: C:/Users/hello/Enviroscope files/Demos/oneSensorDemo/oneSensorDemo.srcs/sources_1/new/sensor_data.vhd
Note: start
Time: 365 ns  Iteration: 1  Process: /DHT11_Interface_tb/uut/line__31  File: C:/Users/hello/Enviroscope files/Demos/oneSensorDemo/oneSensorDemo.srcs/sources_1/new/sensor_data.vhd
Note: State: 2
Time: 365 ns  Iteration: 1  Process: /DHT11_Interface_tb/uut/line__31  File: C:/Users/hello/Enviroscope files/Demos/oneSensorDemo/oneSensorDemo.srcs/sources_1/new/sensor_data.vhd
Note: startsgn: 1
Time: 365 ns  Iteration: 1  Process: /DHT11_Interface_tb/uut/line__31  File: C:/Users/hello/Enviroscope files/Demos/oneSensorDemo/oneSensorDemo.srcs/sources_1/new/sensor_data.vhd
Note: startsgn1: 1
Time: 365 ns  Iteration: 1  Process: /DHT11_Interface_tb/uut/line__31  File: C:/Users/hello/Enviroscope files/Demos/oneSensorDemo/oneSensorDemo.srcs/sources_1/new/sensor_data.vhd
Note: start
Time: 375 ns  Iteration: 1  Process: /DHT11_Interface_tb/uut/line__31  File: C:/Users/hello/Enviroscope files/Demos/oneSensorDemo/oneSensorDemo.srcs/sources_1/new/sensor_data.vhd
Note: State: 2
Time: 375 ns  Iteration: 1  Process: /DHT11_Interface_tb/uut/line__31  File: C:/Users/hello/Enviroscope files/Demos/oneSensorDemo/oneSensorDemo.srcs/sources_1/new/sensor_data.vhd
Note: startsgn: 1
Time: 375 ns  Iteration: 1  Process: /DHT11_Interface_tb/uut/line__31  File: C:/Users/hello/Enviroscope files/Demos/oneSensorDemo/oneSensorDemo.srcs/sources_1/new/sensor_data.vhd
Note: startsgn1: 1
Time: 375 ns  Iteration: 1  Process: /DHT11_Interface_tb/uut/line__31  File: C:/Users/hello/Enviroscope files/Demos/oneSensorDemo/oneSensorDemo.srcs/sources_1/new/sensor_data.vhd
Note: start
Time: 385 ns  Iteration: 1  Process: /DHT11_Interface_tb/uut/line__31  File: C:/Users/hello/Enviroscope files/Demos/oneSensorDemo/oneSensorDemo.srcs/sources_1/new/sensor_data.vhd
Note: State: 2
Time: 385 ns  Iteration: 1  Process: /DHT11_Interface_tb/uut/line__31  File: C:/Users/hello/Enviroscope files/Demos/oneSensorDemo/oneSensorDemo.srcs/sources_1/new/sensor_data.vhd
Note: startsgn: 1
Time: 385 ns  Iteration: 1  Process: /DHT11_Interface_tb/uut/line__31  File: C:/Users/hello/Enviroscope files/Demos/oneSensorDemo/oneSensorDemo.srcs/sources_1/new/sensor_data.vhd
Note: startsgn1: 1
Time: 385 ns  Iteration: 1  Process: /DHT11_Interface_tb/uut/line__31  File: C:/Users/hello/Enviroscope files/Demos/oneSensorDemo/oneSensorDemo.srcs/sources_1/new/sensor_data.vhd
Note: start
Time: 395 ns  Iteration: 1  Process: /DHT11_Interface_tb/uut/line__31  File: C:/Users/hello/Enviroscope files/Demos/oneSensorDemo/oneSensorDemo.srcs/sources_1/new/sensor_data.vhd
Note: State: 2
Time: 395 ns  Iteration: 1  Process: /DHT11_Interface_tb/uut/line__31  File: C:/Users/hello/Enviroscope files/Demos/oneSensorDemo/oneSensorDemo.srcs/sources_1/new/sensor_data.vhd
Note: startsgn: 1
Time: 395 ns  Iteration: 1  Process: /DHT11_Interface_tb/uut/line__31  File: C:/Users/hello/Enviroscope files/Demos/oneSensorDemo/oneSensorDemo.srcs/sources_1/new/sensor_data.vhd
Note: startsgn1: 1
Time: 395 ns  Iteration: 1  Process: /DHT11_Interface_tb/uut/line__31  File: C:/Users/hello/Enviroscope files/Demos/oneSensorDemo/oneSensorDemo.srcs/sources_1/new/sensor_data.vhd
Note: start
Time: 405 ns  Iteration: 1  Process: /DHT11_Interface_tb/uut/line__31  File: C:/Users/hello/Enviroscope files/Demos/oneSensorDemo/oneSensorDemo.srcs/sources_1/new/sensor_data.vhd
Note: State: 2
Time: 405 ns  Iteration: 1  Process: /DHT11_Interface_tb/uut/line__31  File: C:/Users/hello/Enviroscope files/Demos/oneSensorDemo/oneSensorDemo.srcs/sources_1/new/sensor_data.vhd
Note: startsgn: 1
Time: 405 ns  Iteration: 1  Process: /DHT11_Interface_tb/uut/line__31  File: C:/Users/hello/Enviroscope files/Demos/oneSensorDemo/oneSensorDemo.srcs/sources_1/new/sensor_data.vhd
Note: startsgn1: 1
Time: 405 ns  Iteration: 1  Process: /DHT11_Interface_tb/uut/line__31  File: C:/Users/hello/Enviroscope files/Demos/oneSensorDemo/oneSensorDemo.srcs/sources_1/new/sensor_data.vhd
Note: start
Time: 415 ns  Iteration: 1  Process: /DHT11_Interface_tb/uut/line__31  File: C:/Users/hello/Enviroscope files/Demos/oneSensorDemo/oneSensorDemo.srcs/sources_1/new/sensor_data.vhd
Note: State: 2
Time: 415 ns  Iteration: 1  Process: /DHT11_Interface_tb/uut/line__31  File: C:/Users/hello/Enviroscope files/Demos/oneSensorDemo/oneSensorDemo.srcs/sources_1/new/sensor_data.vhd
Note: startsgn: 1
Time: 415 ns  Iteration: 1  Process: /DHT11_Interface_tb/uut/line__31  File: C:/Users/hello/Enviroscope files/Demos/oneSensorDemo/oneSensorDemo.srcs/sources_1/new/sensor_data.vhd
Note: startsgn1: 1
Time: 415 ns  Iteration: 1  Process: /DHT11_Interface_tb/uut/line__31  File: C:/Users/hello/Enviroscope files/Demos/oneSensorDemo/oneSensorDemo.srcs/sources_1/new/sensor_data.vhd
Note: start
Time: 425 ns  Iteration: 1  Process: /DHT11_Interface_tb/uut/line__31  File: C:/Users/hello/Enviroscope files/Demos/oneSensorDemo/oneSensorDemo.srcs/sources_1/new/sensor_data.vhd
Note: State: 2
Time: 425 ns  Iteration: 1  Process: /DHT11_Interface_tb/uut/line__31  File: C:/Users/hello/Enviroscope files/Demos/oneSensorDemo/oneSensorDemo.srcs/sources_1/new/sensor_data.vhd
Note: startsgn: 1
Time: 425 ns  Iteration: 1  Process: /DHT11_Interface_tb/uut/line__31  File: C:/Users/hello/Enviroscope files/Demos/oneSensorDemo/oneSensorDemo.srcs/sources_1/new/sensor_data.vhd
Note: startsgn1: 1
Time: 425 ns  Iteration: 1  Process: /DHT11_Interface_tb/uut/line__31  File: C:/Users/hello/Enviroscope files/Demos/oneSensorDemo/oneSensorDemo.srcs/sources_1/new/sensor_data.vhd
Note: start
Time: 435 ns  Iteration: 1  Process: /DHT11_Interface_tb/uut/line__31  File: C:/Users/hello/Enviroscope files/Demos/oneSensorDemo/oneSensorDemo.srcs/sources_1/new/sensor_data.vhd
Note: State: 2
Time: 435 ns  Iteration: 1  Process: /DHT11_Interface_tb/uut/line__31  File: C:/Users/hello/Enviroscope files/Demos/oneSensorDemo/oneSensorDemo.srcs/sources_1/new/sensor_data.vhd
Note: startsgn: 1
Time: 435 ns  Iteration: 1  Process: /DHT11_Interface_tb/uut/line__31  File: C:/Users/hello/Enviroscope files/Demos/oneSensorDemo/oneSensorDemo.srcs/sources_1/new/sensor_data.vhd
Note: startsgn1: 1
Time: 435 ns  Iteration: 1  Process: /DHT11_Interface_tb/uut/line__31  File: C:/Users/hello/Enviroscope files/Demos/oneSensorDemo/oneSensorDemo.srcs/sources_1/new/sensor_data.vhd
Note: start
Time: 445 ns  Iteration: 1  Process: /DHT11_Interface_tb/uut/line__31  File: C:/Users/hello/Enviroscope files/Demos/oneSensorDemo/oneSensorDemo.srcs/sources_1/new/sensor_data.vhd
Note: State: 2
Time: 445 ns  Iteration: 1  Process: /DHT11_Interface_tb/uut/line__31  File: C:/Users/hello/Enviroscope files/Demos/oneSensorDemo/oneSensorDemo.srcs/sources_1/new/sensor_data.vhd
Note: startsgn: 1
Time: 445 ns  Iteration: 1  Process: /DHT11_Interface_tb/uut/line__31  File: C:/Users/hello/Enviroscope files/Demos/oneSensorDemo/oneSensorDemo.srcs/sources_1/new/sensor_data.vhd
Note: startsgn1: 1
Time: 445 ns  Iteration: 1  Process: /DHT11_Interface_tb/uut/line__31  File: C:/Users/hello/Enviroscope files/Demos/oneSensorDemo/oneSensorDemo.srcs/sources_1/new/sensor_data.vhd
Note: start
Time: 455 ns  Iteration: 1  Process: /DHT11_Interface_tb/uut/line__31  File: C:/Users/hello/Enviroscope files/Demos/oneSensorDemo/oneSensorDemo.srcs/sources_1/new/sensor_data.vhd
Note: State: 2
Time: 455 ns  Iteration: 1  Process: /DHT11_Interface_tb/uut/line__31  File: C:/Users/hello/Enviroscope files/Demos/oneSensorDemo/oneSensorDemo.srcs/sources_1/new/sensor_data.vhd
Note: startsgn: 1
Time: 455 ns  Iteration: 1  Process: /DHT11_Interface_tb/uut/line__31  File: C:/Users/hello/Enviroscope files/Demos/oneSensorDemo/oneSensorDemo.srcs/sources_1/new/sensor_data.vhd
Note: startsgn1: 1
Time: 455 ns  Iteration: 1  Process: /DHT11_Interface_tb/uut/line__31  File: C:/Users/hello/Enviroscope files/Demos/oneSensorDemo/oneSensorDemo.srcs/sources_1/new/sensor_data.vhd
Note: start
Time: 465 ns  Iteration: 1  Process: /DHT11_Interface_tb/uut/line__31  File: C:/Users/hello/Enviroscope files/Demos/oneSensorDemo/oneSensorDemo.srcs/sources_1/new/sensor_data.vhd
Note: State: 2
Time: 465 ns  Iteration: 1  Process: /DHT11_Interface_tb/uut/line__31  File: C:/Users/hello/Enviroscope files/Demos/oneSensorDemo/oneSensorDemo.srcs/sources_1/new/sensor_data.vhd
Note: startsgn: 1
Time: 465 ns  Iteration: 1  Process: /DHT11_Interface_tb/uut/line__31  File: C:/Users/hello/Enviroscope files/Demos/oneSensorDemo/oneSensorDemo.srcs/sources_1/new/sensor_data.vhd
Note: startsgn1: 1
Time: 465 ns  Iteration: 1  Process: /DHT11_Interface_tb/uut/line__31  File: C:/Users/hello/Enviroscope files/Demos/oneSensorDemo/oneSensorDemo.srcs/sources_1/new/sensor_data.vhd
Note: start
Time: 475 ns  Iteration: 1  Process: /DHT11_Interface_tb/uut/line__31  File: C:/Users/hello/Enviroscope files/Demos/oneSensorDemo/oneSensorDemo.srcs/sources_1/new/sensor_data.vhd
Note: State: 2
Time: 475 ns  Iteration: 1  Process: /DHT11_Interface_tb/uut/line__31  File: C:/Users/hello/Enviroscope files/Demos/oneSensorDemo/oneSensorDemo.srcs/sources_1/new/sensor_data.vhd
Note: startsgn: 1
Time: 475 ns  Iteration: 1  Process: /DHT11_Interface_tb/uut/line__31  File: C:/Users/hello/Enviroscope files/Demos/oneSensorDemo/oneSensorDemo.srcs/sources_1/new/sensor_data.vhd
Note: startsgn1: 1
Time: 475 ns  Iteration: 1  Process: /DHT11_Interface_tb/uut/line__31  File: C:/Users/hello/Enviroscope files/Demos/oneSensorDemo/oneSensorDemo.srcs/sources_1/new/sensor_data.vhd
Note: start
Time: 485 ns  Iteration: 1  Process: /DHT11_Interface_tb/uut/line__31  File: C:/Users/hello/Enviroscope files/Demos/oneSensorDemo/oneSensorDemo.srcs/sources_1/new/sensor_data.vhd
Note: State: 2
Time: 485 ns  Iteration: 1  Process: /DHT11_Interface_tb/uut/line__31  File: C:/Users/hello/Enviroscope files/Demos/oneSensorDemo/oneSensorDemo.srcs/sources_1/new/sensor_data.vhd
Note: startsgn: 1
Time: 485 ns  Iteration: 1  Process: /DHT11_Interface_tb/uut/line__31  File: C:/Users/hello/Enviroscope files/Demos/oneSensorDemo/oneSensorDemo.srcs/sources_1/new/sensor_data.vhd
Note: startsgn1: 1
Time: 485 ns  Iteration: 1  Process: /DHT11_Interface_tb/uut/line__31  File: C:/Users/hello/Enviroscope files/Demos/oneSensorDemo/oneSensorDemo.srcs/sources_1/new/sensor_data.vhd
Note: start
Time: 495 ns  Iteration: 1  Process: /DHT11_Interface_tb/uut/line__31  File: C:/Users/hello/Enviroscope files/Demos/oneSensorDemo/oneSensorDemo.srcs/sources_1/new/sensor_data.vhd
Note: State: 2
Time: 495 ns  Iteration: 1  Process: /DHT11_Interface_tb/uut/line__31  File: C:/Users/hello/Enviroscope files/Demos/oneSensorDemo/oneSensorDemo.srcs/sources_1/new/sensor_data.vhd
Note: startsgn: 1
Time: 495 ns  Iteration: 1  Process: /DHT11_Interface_tb/uut/line__31  File: C:/Users/hello/Enviroscope files/Demos/oneSensorDemo/oneSensorDemo.srcs/sources_1/new/sensor_data.vhd
Note: startsgn1: 1
Time: 495 ns  Iteration: 1  Process: /DHT11_Interface_tb/uut/line__31  File: C:/Users/hello/Enviroscope files/Demos/oneSensorDemo/oneSensorDemo.srcs/sources_1/new/sensor_data.vhd
Note: start
Time: 505 ns  Iteration: 1  Process: /DHT11_Interface_tb/uut/line__31  File: C:/Users/hello/Enviroscope files/Demos/oneSensorDemo/oneSensorDemo.srcs/sources_1/new/sensor_data.vhd
Note: State: 2
Time: 505 ns  Iteration: 1  Process: /DHT11_Interface_tb/uut/line__31  File: C:/Users/hello/Enviroscope files/Demos/oneSensorDemo/oneSensorDemo.srcs/sources_1/new/sensor_data.vhd
Note: startsgn: 1
Time: 505 ns  Iteration: 1  Process: /DHT11_Interface_tb/uut/line__31  File: C:/Users/hello/Enviroscope files/Demos/oneSensorDemo/oneSensorDemo.srcs/sources_1/new/sensor_data.vhd
Note: startsgn1: 1
Time: 505 ns  Iteration: 1  Process: /DHT11_Interface_tb/uut/line__31  File: C:/Users/hello/Enviroscope files/Demos/oneSensorDemo/oneSensorDemo.srcs/sources_1/new/sensor_data.vhd
Note: start
Time: 515 ns  Iteration: 1  Process: /DHT11_Interface_tb/uut/line__31  File: C:/Users/hello/Enviroscope files/Demos/oneSensorDemo/oneSensorDemo.srcs/sources_1/new/sensor_data.vhd
Note: State: 2
Time: 515 ns  Iteration: 1  Process: /DHT11_Interface_tb/uut/line__31  File: C:/Users/hello/Enviroscope files/Demos/oneSensorDemo/oneSensorDemo.srcs/sources_1/new/sensor_data.vhd
Note: startsgn: 1
Time: 515 ns  Iteration: 1  Process: /DHT11_Interface_tb/uut/line__31  File: C:/Users/hello/Enviroscope files/Demos/oneSensorDemo/oneSensorDemo.srcs/sources_1/new/sensor_data.vhd
Note: startsgn1: 1
Time: 515 ns  Iteration: 1  Process: /DHT11_Interface_tb/uut/line__31  File: C:/Users/hello/Enviroscope files/Demos/oneSensorDemo/oneSensorDemo.srcs/sources_1/new/sensor_data.vhd
Note: start
Time: 525 ns  Iteration: 1  Process: /DHT11_Interface_tb/uut/line__31  File: C:/Users/hello/Enviroscope files/Demos/oneSensorDemo/oneSensorDemo.srcs/sources_1/new/sensor_data.vhd
Note: State: 2
Time: 525 ns  Iteration: 1  Process: /DHT11_Interface_tb/uut/line__31  File: C:/Users/hello/Enviroscope files/Demos/oneSensorDemo/oneSensorDemo.srcs/sources_1/new/sensor_data.vhd
Note: startsgn: 1
Time: 525 ns  Iteration: 1  Process: /DHT11_Interface_tb/uut/line__31  File: C:/Users/hello/Enviroscope files/Demos/oneSensorDemo/oneSensorDemo.srcs/sources_1/new/sensor_data.vhd
Note: startsgn1: 1
Time: 525 ns  Iteration: 1  Process: /DHT11_Interface_tb/uut/line__31  File: C:/Users/hello/Enviroscope files/Demos/oneSensorDemo/oneSensorDemo.srcs/sources_1/new/sensor_data.vhd
Note: start
Time: 535 ns  Iteration: 1  Process: /DHT11_Interface_tb/uut/line__31  File: C:/Users/hello/Enviroscope files/Demos/oneSensorDemo/oneSensorDemo.srcs/sources_1/new/sensor_data.vhd
Note: State: 2
Time: 535 ns  Iteration: 1  Process: /DHT11_Interface_tb/uut/line__31  File: C:/Users/hello/Enviroscope files/Demos/oneSensorDemo/oneSensorDemo.srcs/sources_1/new/sensor_data.vhd
Note: startsgn: 1
Time: 535 ns  Iteration: 1  Process: /DHT11_Interface_tb/uut/line__31  File: C:/Users/hello/Enviroscope files/Demos/oneSensorDemo/oneSensorDemo.srcs/sources_1/new/sensor_data.vhd
Note: startsgn1: 1
Time: 535 ns  Iteration: 1  Process: /DHT11_Interface_tb/uut/line__31  File: C:/Users/hello/Enviroscope files/Demos/oneSensorDemo/oneSensorDemo.srcs/sources_1/new/sensor_data.vhd
Note: start
Time: 545 ns  Iteration: 1  Process: /DHT11_Interface_tb/uut/line__31  File: C:/Users/hello/Enviroscope files/Demos/oneSensorDemo/oneSensorDemo.srcs/sources_1/new/sensor_data.vhd
Note: State: 2
Time: 545 ns  Iteration: 1  Process: /DHT11_Interface_tb/uut/line__31  File: C:/Users/hello/Enviroscope files/Demos/oneSensorDemo/oneSensorDemo.srcs/sources_1/new/sensor_data.vhd
Note: startsgn: 1
Time: 545 ns  Iteration: 1  Process: /DHT11_Interface_tb/uut/line__31  File: C:/Users/hello/Enviroscope files/Demos/oneSensorDemo/oneSensorDemo.srcs/sources_1/new/sensor_data.vhd
Note: startsgn1: 1
Time: 545 ns  Iteration: 1  Process: /DHT11_Interface_tb/uut/line__31  File: C:/Users/hello/Enviroscope files/Demos/oneSensorDemo/oneSensorDemo.srcs/sources_1/new/sensor_data.vhd
Note: start
Time: 555 ns  Iteration: 1  Process: /DHT11_Interface_tb/uut/line__31  File: C:/Users/hello/Enviroscope files/Demos/oneSensorDemo/oneSensorDemo.srcs/sources_1/new/sensor_data.vhd
Note: State: 2
Time: 555 ns  Iteration: 1  Process: /DHT11_Interface_tb/uut/line__31  File: C:/Users/hello/Enviroscope files/Demos/oneSensorDemo/oneSensorDemo.srcs/sources_1/new/sensor_data.vhd
Note: startsgn: 1
Time: 555 ns  Iteration: 1  Process: /DHT11_Interface_tb/uut/line__31  File: C:/Users/hello/Enviroscope files/Demos/oneSensorDemo/oneSensorDemo.srcs/sources_1/new/sensor_data.vhd
Note: startsgn1: 1
Time: 555 ns  Iteration: 1  Process: /DHT11_Interface_tb/uut/line__31  File: C:/Users/hello/Enviroscope files/Demos/oneSensorDemo/oneSensorDemo.srcs/sources_1/new/sensor_data.vhd
Note: start
Time: 565 ns  Iteration: 1  Process: /DHT11_Interface_tb/uut/line__31  File: C:/Users/hello/Enviroscope files/Demos/oneSensorDemo/oneSensorDemo.srcs/sources_1/new/sensor_data.vhd
Note: State: 2
Time: 565 ns  Iteration: 1  Process: /DHT11_Interface_tb/uut/line__31  File: C:/Users/hello/Enviroscope files/Demos/oneSensorDemo/oneSensorDemo.srcs/sources_1/new/sensor_data.vhd
Note: startsgn: 1
Time: 565 ns  Iteration: 1  Process: /DHT11_Interface_tb/uut/line__31  File: C:/Users/hello/Enviroscope files/Demos/oneSensorDemo/oneSensorDemo.srcs/sources_1/new/sensor_data.vhd
Note: startsgn1: 1
Time: 565 ns  Iteration: 1  Process: /DHT11_Interface_tb/uut/line__31  File: C:/Users/hello/Enviroscope files/Demos/oneSensorDemo/oneSensorDemo.srcs/sources_1/new/sensor_data.vhd
Note: start
Time: 575 ns  Iteration: 1  Process: /DHT11_Interface_tb/uut/line__31  File: C:/Users/hello/Enviroscope files/Demos/oneSensorDemo/oneSensorDemo.srcs/sources_1/new/sensor_data.vhd
Note: State: 2
Time: 575 ns  Iteration: 1  Process: /DHT11_Interface_tb/uut/line__31  File: C:/Users/hello/Enviroscope files/Demos/oneSensorDemo/oneSensorDemo.srcs/sources_1/new/sensor_data.vhd
Note: startsgn: 1
Time: 575 ns  Iteration: 1  Process: /DHT11_Interface_tb/uut/line__31  File: C:/Users/hello/Enviroscope files/Demos/oneSensorDemo/oneSensorDemo.srcs/sources_1/new/sensor_data.vhd
Note: startsgn1: 1
Time: 575 ns  Iteration: 1  Process: /DHT11_Interface_tb/uut/line__31  File: C:/Users/hello/Enviroscope files/Demos/oneSensorDemo/oneSensorDemo.srcs/sources_1/new/sensor_data.vhd
Note: start
Time: 585 ns  Iteration: 1  Process: /DHT11_Interface_tb/uut/line__31  File: C:/Users/hello/Enviroscope files/Demos/oneSensorDemo/oneSensorDemo.srcs/sources_1/new/sensor_data.vhd
Note: State: 2
Time: 585 ns  Iteration: 1  Process: /DHT11_Interface_tb/uut/line__31  File: C:/Users/hello/Enviroscope files/Demos/oneSensorDemo/oneSensorDemo.srcs/sources_1/new/sensor_data.vhd
Note: startsgn: 1
Time: 585 ns  Iteration: 1  Process: /DHT11_Interface_tb/uut/line__31  File: C:/Users/hello/Enviroscope files/Demos/oneSensorDemo/oneSensorDemo.srcs/sources_1/new/sensor_data.vhd
Note: startsgn1: 1
Time: 585 ns  Iteration: 1  Process: /DHT11_Interface_tb/uut/line__31  File: C:/Users/hello/Enviroscope files/Demos/oneSensorDemo/oneSensorDemo.srcs/sources_1/new/sensor_data.vhd
Note: start
Time: 595 ns  Iteration: 1  Process: /DHT11_Interface_tb/uut/line__31  File: C:/Users/hello/Enviroscope files/Demos/oneSensorDemo/oneSensorDemo.srcs/sources_1/new/sensor_data.vhd
Note: State: 2
Time: 595 ns  Iteration: 1  Process: /DHT11_Interface_tb/uut/line__31  File: C:/Users/hello/Enviroscope files/Demos/oneSensorDemo/oneSensorDemo.srcs/sources_1/new/sensor_data.vhd
Note: startsgn: 1
Time: 595 ns  Iteration: 1  Process: /DHT11_Interface_tb/uut/line__31  File: C:/Users/hello/Enviroscope files/Demos/oneSensorDemo/oneSensorDemo.srcs/sources_1/new/sensor_data.vhd
Note: startsgn1: 1
Time: 595 ns  Iteration: 1  Process: /DHT11_Interface_tb/uut/line__31  File: C:/Users/hello/Enviroscope files/Demos/oneSensorDemo/oneSensorDemo.srcs/sources_1/new/sensor_data.vhd
Note: start
Time: 605 ns  Iteration: 1  Process: /DHT11_Interface_tb/uut/line__31  File: C:/Users/hello/Enviroscope files/Demos/oneSensorDemo/oneSensorDemo.srcs/sources_1/new/sensor_data.vhd
Note: State: 3
Time: 605 ns  Iteration: 1  Process: /DHT11_Interface_tb/uut/line__31  File: C:/Users/hello/Enviroscope files/Demos/oneSensorDemo/oneSensorDemo.srcs/sources_1/new/sensor_data.vhd
Note: startsgn: 1
Time: 605 ns  Iteration: 1  Process: /DHT11_Interface_tb/uut/line__31  File: C:/Users/hello/Enviroscope files/Demos/oneSensorDemo/oneSensorDemo.srcs/sources_1/new/sensor_data.vhd
Note: startsgn1: 1
Time: 605 ns  Iteration: 1  Process: /DHT11_Interface_tb/uut/line__31  File: C:/Users/hello/Enviroscope files/Demos/oneSensorDemo/oneSensorDemo.srcs/sources_1/new/sensor_data.vhd
Note: start
Time: 615 ns  Iteration: 1  Process: /DHT11_Interface_tb/uut/line__31  File: C:/Users/hello/Enviroscope files/Demos/oneSensorDemo/oneSensorDemo.srcs/sources_1/new/sensor_data.vhd
Note: State: 4
Time: 615 ns  Iteration: 1  Process: /DHT11_Interface_tb/uut/line__31  File: C:/Users/hello/Enviroscope files/Demos/oneSensorDemo/oneSensorDemo.srcs/sources_1/new/sensor_data.vhd
Note: startsgn: 1
Time: 615 ns  Iteration: 1  Process: /DHT11_Interface_tb/uut/line__31  File: C:/Users/hello/Enviroscope files/Demos/oneSensorDemo/oneSensorDemo.srcs/sources_1/new/sensor_data.vhd
Note: startsgn1: 1
Time: 615 ns  Iteration: 1  Process: /DHT11_Interface_tb/uut/line__31  File: C:/Users/hello/Enviroscope files/Demos/oneSensorDemo/oneSensorDemo.srcs/sources_1/new/sensor_data.vhd
Note: start
Time: 625 ns  Iteration: 1  Process: /DHT11_Interface_tb/uut/line__31  File: C:/Users/hello/Enviroscope files/Demos/oneSensorDemo/oneSensorDemo.srcs/sources_1/new/sensor_data.vhd
Note: State: 4
Time: 625 ns  Iteration: 1  Process: /DHT11_Interface_tb/uut/line__31  File: C:/Users/hello/Enviroscope files/Demos/oneSensorDemo/oneSensorDemo.srcs/sources_1/new/sensor_data.vhd
Note: startsgn: 1
Time: 625 ns  Iteration: 1  Process: /DHT11_Interface_tb/uut/line__31  File: C:/Users/hello/Enviroscope files/Demos/oneSensorDemo/oneSensorDemo.srcs/sources_1/new/sensor_data.vhd
Note: startsgn1: 1
Time: 625 ns  Iteration: 1  Process: /DHT11_Interface_tb/uut/line__31  File: C:/Users/hello/Enviroscope files/Demos/oneSensorDemo/oneSensorDemo.srcs/sources_1/new/sensor_data.vhd
Note: start
Time: 635 ns  Iteration: 1  Process: /DHT11_Interface_tb/uut/line__31  File: C:/Users/hello/Enviroscope files/Demos/oneSensorDemo/oneSensorDemo.srcs/sources_1/new/sensor_data.vhd
Note: State: 4
Time: 635 ns  Iteration: 1  Process: /DHT11_Interface_tb/uut/line__31  File: C:/Users/hello/Enviroscope files/Demos/oneSensorDemo/oneSensorDemo.srcs/sources_1/new/sensor_data.vhd
Note: startsgn: 1
Time: 635 ns  Iteration: 1  Process: /DHT11_Interface_tb/uut/line__31  File: C:/Users/hello/Enviroscope files/Demos/oneSensorDemo/oneSensorDemo.srcs/sources_1/new/sensor_data.vhd
Note: startsgn1: 1
Time: 635 ns  Iteration: 1  Process: /DHT11_Interface_tb/uut/line__31  File: C:/Users/hello/Enviroscope files/Demos/oneSensorDemo/oneSensorDemo.srcs/sources_1/new/sensor_data.vhd
Note: start
Time: 645 ns  Iteration: 1  Process: /DHT11_Interface_tb/uut/line__31  File: C:/Users/hello/Enviroscope files/Demos/oneSensorDemo/oneSensorDemo.srcs/sources_1/new/sensor_data.vhd
Note: State: 4
Time: 645 ns  Iteration: 1  Process: /DHT11_Interface_tb/uut/line__31  File: C:/Users/hello/Enviroscope files/Demos/oneSensorDemo/oneSensorDemo.srcs/sources_1/new/sensor_data.vhd
Note: startsgn: 1
Time: 645 ns  Iteration: 1  Process: /DHT11_Interface_tb/uut/line__31  File: C:/Users/hello/Enviroscope files/Demos/oneSensorDemo/oneSensorDemo.srcs/sources_1/new/sensor_data.vhd
Note: startsgn1: 1
Time: 645 ns  Iteration: 1  Process: /DHT11_Interface_tb/uut/line__31  File: C:/Users/hello/Enviroscope files/Demos/oneSensorDemo/oneSensorDemo.srcs/sources_1/new/sensor_data.vhd
Note: start
Time: 655 ns  Iteration: 1  Process: /DHT11_Interface_tb/uut/line__31  File: C:/Users/hello/Enviroscope files/Demos/oneSensorDemo/oneSensorDemo.srcs/sources_1/new/sensor_data.vhd
Note: State: 4
Time: 655 ns  Iteration: 1  Process: /DHT11_Interface_tb/uut/line__31  File: C:/Users/hello/Enviroscope files/Demos/oneSensorDemo/oneSensorDemo.srcs/sources_1/new/sensor_data.vhd
Note: startsgn: 1
Time: 655 ns  Iteration: 1  Process: /DHT11_Interface_tb/uut/line__31  File: C:/Users/hello/Enviroscope files/Demos/oneSensorDemo/oneSensorDemo.srcs/sources_1/new/sensor_data.vhd
Note: startsgn1: 1
Time: 655 ns  Iteration: 1  Process: /DHT11_Interface_tb/uut/line__31  File: C:/Users/hello/Enviroscope files/Demos/oneSensorDemo/oneSensorDemo.srcs/sources_1/new/sensor_data.vhd
Note: start
Time: 665 ns  Iteration: 1  Process: /DHT11_Interface_tb/uut/line__31  File: C:/Users/hello/Enviroscope files/Demos/oneSensorDemo/oneSensorDemo.srcs/sources_1/new/sensor_data.vhd
Note: State: 4
Time: 665 ns  Iteration: 1  Process: /DHT11_Interface_tb/uut/line__31  File: C:/Users/hello/Enviroscope files/Demos/oneSensorDemo/oneSensorDemo.srcs/sources_1/new/sensor_data.vhd
Note: startsgn: 1
Time: 665 ns  Iteration: 1  Process: /DHT11_Interface_tb/uut/line__31  File: C:/Users/hello/Enviroscope files/Demos/oneSensorDemo/oneSensorDemo.srcs/sources_1/new/sensor_data.vhd
Note: startsgn1: 1
Time: 665 ns  Iteration: 1  Process: /DHT11_Interface_tb/uut/line__31  File: C:/Users/hello/Enviroscope files/Demos/oneSensorDemo/oneSensorDemo.srcs/sources_1/new/sensor_data.vhd
Note: start
Time: 675 ns  Iteration: 1  Process: /DHT11_Interface_tb/uut/line__31  File: C:/Users/hello/Enviroscope files/Demos/oneSensorDemo/oneSensorDemo.srcs/sources_1/new/sensor_data.vhd
Note: State: 4
Time: 675 ns  Iteration: 1  Process: /DHT11_Interface_tb/uut/line__31  File: C:/Users/hello/Enviroscope files/Demos/oneSensorDemo/oneSensorDemo.srcs/sources_1/new/sensor_data.vhd
Note: startsgn: 1
Time: 675 ns  Iteration: 1  Process: /DHT11_Interface_tb/uut/line__31  File: C:/Users/hello/Enviroscope files/Demos/oneSensorDemo/oneSensorDemo.srcs/sources_1/new/sensor_data.vhd
Note: startsgn1: 1
Time: 675 ns  Iteration: 1  Process: /DHT11_Interface_tb/uut/line__31  File: C:/Users/hello/Enviroscope files/Demos/oneSensorDemo/oneSensorDemo.srcs/sources_1/new/sensor_data.vhd
Note: start
Time: 685 ns  Iteration: 1  Process: /DHT11_Interface_tb/uut/line__31  File: C:/Users/hello/Enviroscope files/Demos/oneSensorDemo/oneSensorDemo.srcs/sources_1/new/sensor_data.vhd
Note: State: 4
Time: 685 ns  Iteration: 1  Process: /DHT11_Interface_tb/uut/line__31  File: C:/Users/hello/Enviroscope files/Demos/oneSensorDemo/oneSensorDemo.srcs/sources_1/new/sensor_data.vhd
Note: startsgn: 1
Time: 685 ns  Iteration: 1  Process: /DHT11_Interface_tb/uut/line__31  File: C:/Users/hello/Enviroscope files/Demos/oneSensorDemo/oneSensorDemo.srcs/sources_1/new/sensor_data.vhd
Note: startsgn1: 1
Time: 685 ns  Iteration: 1  Process: /DHT11_Interface_tb/uut/line__31  File: C:/Users/hello/Enviroscope files/Demos/oneSensorDemo/oneSensorDemo.srcs/sources_1/new/sensor_data.vhd
Note: start
Time: 695 ns  Iteration: 1  Process: /DHT11_Interface_tb/uut/line__31  File: C:/Users/hello/Enviroscope files/Demos/oneSensorDemo/oneSensorDemo.srcs/sources_1/new/sensor_data.vhd
Note: State: 4
Time: 695 ns  Iteration: 1  Process: /DHT11_Interface_tb/uut/line__31  File: C:/Users/hello/Enviroscope files/Demos/oneSensorDemo/oneSensorDemo.srcs/sources_1/new/sensor_data.vhd
Note: startsgn: 1
Time: 695 ns  Iteration: 1  Process: /DHT11_Interface_tb/uut/line__31  File: C:/Users/hello/Enviroscope files/Demos/oneSensorDemo/oneSensorDemo.srcs/sources_1/new/sensor_data.vhd
Note: startsgn1: 1
Time: 695 ns  Iteration: 1  Process: /DHT11_Interface_tb/uut/line__31  File: C:/Users/hello/Enviroscope files/Demos/oneSensorDemo/oneSensorDemo.srcs/sources_1/new/sensor_data.vhd
Note: start
Time: 705 ns  Iteration: 1  Process: /DHT11_Interface_tb/uut/line__31  File: C:/Users/hello/Enviroscope files/Demos/oneSensorDemo/oneSensorDemo.srcs/sources_1/new/sensor_data.vhd
Note: State: 4
Time: 705 ns  Iteration: 1  Process: /DHT11_Interface_tb/uut/line__31  File: C:/Users/hello/Enviroscope files/Demos/oneSensorDemo/oneSensorDemo.srcs/sources_1/new/sensor_data.vhd
Note: startsgn: 1
Time: 705 ns  Iteration: 1  Process: /DHT11_Interface_tb/uut/line__31  File: C:/Users/hello/Enviroscope files/Demos/oneSensorDemo/oneSensorDemo.srcs/sources_1/new/sensor_data.vhd
Note: startsgn1: 1
Time: 705 ns  Iteration: 1  Process: /DHT11_Interface_tb/uut/line__31  File: C:/Users/hello/Enviroscope files/Demos/oneSensorDemo/oneSensorDemo.srcs/sources_1/new/sensor_data.vhd
Note: start
Time: 715 ns  Iteration: 1  Process: /DHT11_Interface_tb/uut/line__31  File: C:/Users/hello/Enviroscope files/Demos/oneSensorDemo/oneSensorDemo.srcs/sources_1/new/sensor_data.vhd
Note: State: 4
Time: 715 ns  Iteration: 1  Process: /DHT11_Interface_tb/uut/line__31  File: C:/Users/hello/Enviroscope files/Demos/oneSensorDemo/oneSensorDemo.srcs/sources_1/new/sensor_data.vhd
Note: startsgn: 1
Time: 715 ns  Iteration: 1  Process: /DHT11_Interface_tb/uut/line__31  File: C:/Users/hello/Enviroscope files/Demos/oneSensorDemo/oneSensorDemo.srcs/sources_1/new/sensor_data.vhd
Note: startsgn1: 1
Time: 715 ns  Iteration: 1  Process: /DHT11_Interface_tb/uut/line__31  File: C:/Users/hello/Enviroscope files/Demos/oneSensorDemo/oneSensorDemo.srcs/sources_1/new/sensor_data.vhd
Note: start
Time: 725 ns  Iteration: 1  Process: /DHT11_Interface_tb/uut/line__31  File: C:/Users/hello/Enviroscope files/Demos/oneSensorDemo/oneSensorDemo.srcs/sources_1/new/sensor_data.vhd
Note: State: 4
Time: 725 ns  Iteration: 1  Process: /DHT11_Interface_tb/uut/line__31  File: C:/Users/hello/Enviroscope files/Demos/oneSensorDemo/oneSensorDemo.srcs/sources_1/new/sensor_data.vhd
Note: startsgn: 1
Time: 725 ns  Iteration: 1  Process: /DHT11_Interface_tb/uut/line__31  File: C:/Users/hello/Enviroscope files/Demos/oneSensorDemo/oneSensorDemo.srcs/sources_1/new/sensor_data.vhd
Note: startsgn1: 1
Time: 725 ns  Iteration: 1  Process: /DHT11_Interface_tb/uut/line__31  File: C:/Users/hello/Enviroscope files/Demos/oneSensorDemo/oneSensorDemo.srcs/sources_1/new/sensor_data.vhd
Note: start
Time: 735 ns  Iteration: 1  Process: /DHT11_Interface_tb/uut/line__31  File: C:/Users/hello/Enviroscope files/Demos/oneSensorDemo/oneSensorDemo.srcs/sources_1/new/sensor_data.vhd
Note: State: 4
Time: 735 ns  Iteration: 1  Process: /DHT11_Interface_tb/uut/line__31  File: C:/Users/hello/Enviroscope files/Demos/oneSensorDemo/oneSensorDemo.srcs/sources_1/new/sensor_data.vhd
Note: startsgn: 1
Time: 735 ns  Iteration: 1  Process: /DHT11_Interface_tb/uut/line__31  File: C:/Users/hello/Enviroscope files/Demos/oneSensorDemo/oneSensorDemo.srcs/sources_1/new/sensor_data.vhd
Note: startsgn1: 1
Time: 735 ns  Iteration: 1  Process: /DHT11_Interface_tb/uut/line__31  File: C:/Users/hello/Enviroscope files/Demos/oneSensorDemo/oneSensorDemo.srcs/sources_1/new/sensor_data.vhd
Note: start
Time: 745 ns  Iteration: 1  Process: /DHT11_Interface_tb/uut/line__31  File: C:/Users/hello/Enviroscope files/Demos/oneSensorDemo/oneSensorDemo.srcs/sources_1/new/sensor_data.vhd
Note: State: 4
Time: 745 ns  Iteration: 1  Process: /DHT11_Interface_tb/uut/line__31  File: C:/Users/hello/Enviroscope files/Demos/oneSensorDemo/oneSensorDemo.srcs/sources_1/new/sensor_data.vhd
Note: startsgn: 1
Time: 745 ns  Iteration: 1  Process: /DHT11_Interface_tb/uut/line__31  File: C:/Users/hello/Enviroscope files/Demos/oneSensorDemo/oneSensorDemo.srcs/sources_1/new/sensor_data.vhd
Note: startsgn1: 1
Time: 745 ns  Iteration: 1  Process: /DHT11_Interface_tb/uut/line__31  File: C:/Users/hello/Enviroscope files/Demos/oneSensorDemo/oneSensorDemo.srcs/sources_1/new/sensor_data.vhd
Note: start
Time: 755 ns  Iteration: 1  Process: /DHT11_Interface_tb/uut/line__31  File: C:/Users/hello/Enviroscope files/Demos/oneSensorDemo/oneSensorDemo.srcs/sources_1/new/sensor_data.vhd
Note: State: 4
Time: 755 ns  Iteration: 1  Process: /DHT11_Interface_tb/uut/line__31  File: C:/Users/hello/Enviroscope files/Demos/oneSensorDemo/oneSensorDemo.srcs/sources_1/new/sensor_data.vhd
Note: startsgn: 1
Time: 755 ns  Iteration: 1  Process: /DHT11_Interface_tb/uut/line__31  File: C:/Users/hello/Enviroscope files/Demos/oneSensorDemo/oneSensorDemo.srcs/sources_1/new/sensor_data.vhd
Note: startsgn1: 1
Time: 755 ns  Iteration: 1  Process: /DHT11_Interface_tb/uut/line__31  File: C:/Users/hello/Enviroscope files/Demos/oneSensorDemo/oneSensorDemo.srcs/sources_1/new/sensor_data.vhd
Note: start
Time: 765 ns  Iteration: 1  Process: /DHT11_Interface_tb/uut/line__31  File: C:/Users/hello/Enviroscope files/Demos/oneSensorDemo/oneSensorDemo.srcs/sources_1/new/sensor_data.vhd
Note: State: 4
Time: 765 ns  Iteration: 1  Process: /DHT11_Interface_tb/uut/line__31  File: C:/Users/hello/Enviroscope files/Demos/oneSensorDemo/oneSensorDemo.srcs/sources_1/new/sensor_data.vhd
Note: startsgn: 1
Time: 765 ns  Iteration: 1  Process: /DHT11_Interface_tb/uut/line__31  File: C:/Users/hello/Enviroscope files/Demos/oneSensorDemo/oneSensorDemo.srcs/sources_1/new/sensor_data.vhd
Note: startsgn1: 1
Time: 765 ns  Iteration: 1  Process: /DHT11_Interface_tb/uut/line__31  File: C:/Users/hello/Enviroscope files/Demos/oneSensorDemo/oneSensorDemo.srcs/sources_1/new/sensor_data.vhd
Note: start
Time: 775 ns  Iteration: 1  Process: /DHT11_Interface_tb/uut/line__31  File: C:/Users/hello/Enviroscope files/Demos/oneSensorDemo/oneSensorDemo.srcs/sources_1/new/sensor_data.vhd
Note: State: 4
Time: 775 ns  Iteration: 1  Process: /DHT11_Interface_tb/uut/line__31  File: C:/Users/hello/Enviroscope files/Demos/oneSensorDemo/oneSensorDemo.srcs/sources_1/new/sensor_data.vhd
Note: startsgn: 1
Time: 775 ns  Iteration: 1  Process: /DHT11_Interface_tb/uut/line__31  File: C:/Users/hello/Enviroscope files/Demos/oneSensorDemo/oneSensorDemo.srcs/sources_1/new/sensor_data.vhd
Note: startsgn1: 1
Time: 775 ns  Iteration: 1  Process: /DHT11_Interface_tb/uut/line__31  File: C:/Users/hello/Enviroscope files/Demos/oneSensorDemo/oneSensorDemo.srcs/sources_1/new/sensor_data.vhd
Note: start
Time: 785 ns  Iteration: 1  Process: /DHT11_Interface_tb/uut/line__31  File: C:/Users/hello/Enviroscope files/Demos/oneSensorDemo/oneSensorDemo.srcs/sources_1/new/sensor_data.vhd
Note: State: 4
Time: 785 ns  Iteration: 1  Process: /DHT11_Interface_tb/uut/line__31  File: C:/Users/hello/Enviroscope files/Demos/oneSensorDemo/oneSensorDemo.srcs/sources_1/new/sensor_data.vhd
Note: startsgn: 1
Time: 785 ns  Iteration: 1  Process: /DHT11_Interface_tb/uut/line__31  File: C:/Users/hello/Enviroscope files/Demos/oneSensorDemo/oneSensorDemo.srcs/sources_1/new/sensor_data.vhd
Note: startsgn1: 1
Time: 785 ns  Iteration: 1  Process: /DHT11_Interface_tb/uut/line__31  File: C:/Users/hello/Enviroscope files/Demos/oneSensorDemo/oneSensorDemo.srcs/sources_1/new/sensor_data.vhd
Note: start
Time: 795 ns  Iteration: 1  Process: /DHT11_Interface_tb/uut/line__31  File: C:/Users/hello/Enviroscope files/Demos/oneSensorDemo/oneSensorDemo.srcs/sources_1/new/sensor_data.vhd
Note: State: 4
Time: 795 ns  Iteration: 1  Process: /DHT11_Interface_tb/uut/line__31  File: C:/Users/hello/Enviroscope files/Demos/oneSensorDemo/oneSensorDemo.srcs/sources_1/new/sensor_data.vhd
Note: startsgn: 1
Time: 795 ns  Iteration: 1  Process: /DHT11_Interface_tb/uut/line__31  File: C:/Users/hello/Enviroscope files/Demos/oneSensorDemo/oneSensorDemo.srcs/sources_1/new/sensor_data.vhd
Note: startsgn1: 1
Time: 795 ns  Iteration: 1  Process: /DHT11_Interface_tb/uut/line__31  File: C:/Users/hello/Enviroscope files/Demos/oneSensorDemo/oneSensorDemo.srcs/sources_1/new/sensor_data.vhd
Note: start
Time: 805 ns  Iteration: 1  Process: /DHT11_Interface_tb/uut/line__31  File: C:/Users/hello/Enviroscope files/Demos/oneSensorDemo/oneSensorDemo.srcs/sources_1/new/sensor_data.vhd
Note: State: 4
Time: 805 ns  Iteration: 1  Process: /DHT11_Interface_tb/uut/line__31  File: C:/Users/hello/Enviroscope files/Demos/oneSensorDemo/oneSensorDemo.srcs/sources_1/new/sensor_data.vhd
Note: startsgn: 1
Time: 805 ns  Iteration: 1  Process: /DHT11_Interface_tb/uut/line__31  File: C:/Users/hello/Enviroscope files/Demos/oneSensorDemo/oneSensorDemo.srcs/sources_1/new/sensor_data.vhd
Note: startsgn1: 1
Time: 805 ns  Iteration: 1  Process: /DHT11_Interface_tb/uut/line__31  File: C:/Users/hello/Enviroscope files/Demos/oneSensorDemo/oneSensorDemo.srcs/sources_1/new/sensor_data.vhd
Note: start
Time: 815 ns  Iteration: 1  Process: /DHT11_Interface_tb/uut/line__31  File: C:/Users/hello/Enviroscope files/Demos/oneSensorDemo/oneSensorDemo.srcs/sources_1/new/sensor_data.vhd
Note: State: 4
Time: 815 ns  Iteration: 1  Process: /DHT11_Interface_tb/uut/line__31  File: C:/Users/hello/Enviroscope files/Demos/oneSensorDemo/oneSensorDemo.srcs/sources_1/new/sensor_data.vhd
Note: startsgn: 1
Time: 815 ns  Iteration: 1  Process: /DHT11_Interface_tb/uut/line__31  File: C:/Users/hello/Enviroscope files/Demos/oneSensorDemo/oneSensorDemo.srcs/sources_1/new/sensor_data.vhd
Note: startsgn1: 1
Time: 815 ns  Iteration: 1  Process: /DHT11_Interface_tb/uut/line__31  File: C:/Users/hello/Enviroscope files/Demos/oneSensorDemo/oneSensorDemo.srcs/sources_1/new/sensor_data.vhd
Note: start
Time: 825 ns  Iteration: 1  Process: /DHT11_Interface_tb/uut/line__31  File: C:/Users/hello/Enviroscope files/Demos/oneSensorDemo/oneSensorDemo.srcs/sources_1/new/sensor_data.vhd
Note: State: 4
Time: 825 ns  Iteration: 1  Process: /DHT11_Interface_tb/uut/line__31  File: C:/Users/hello/Enviroscope files/Demos/oneSensorDemo/oneSensorDemo.srcs/sources_1/new/sensor_data.vhd
Note: startsgn: 1
Time: 825 ns  Iteration: 1  Process: /DHT11_Interface_tb/uut/line__31  File: C:/Users/hello/Enviroscope files/Demos/oneSensorDemo/oneSensorDemo.srcs/sources_1/new/sensor_data.vhd
Note: startsgn1: 1
Time: 825 ns  Iteration: 1  Process: /DHT11_Interface_tb/uut/line__31  File: C:/Users/hello/Enviroscope files/Demos/oneSensorDemo/oneSensorDemo.srcs/sources_1/new/sensor_data.vhd
Note: start
Time: 835 ns  Iteration: 1  Process: /DHT11_Interface_tb/uut/line__31  File: C:/Users/hello/Enviroscope files/Demos/oneSensorDemo/oneSensorDemo.srcs/sources_1/new/sensor_data.vhd
Note: State: 4
Time: 835 ns  Iteration: 1  Process: /DHT11_Interface_tb/uut/line__31  File: C:/Users/hello/Enviroscope files/Demos/oneSensorDemo/oneSensorDemo.srcs/sources_1/new/sensor_data.vhd
Note: startsgn: 1
Time: 835 ns  Iteration: 1  Process: /DHT11_Interface_tb/uut/line__31  File: C:/Users/hello/Enviroscope files/Demos/oneSensorDemo/oneSensorDemo.srcs/sources_1/new/sensor_data.vhd
Note: startsgn1: 1
Time: 835 ns  Iteration: 1  Process: /DHT11_Interface_tb/uut/line__31  File: C:/Users/hello/Enviroscope files/Demos/oneSensorDemo/oneSensorDemo.srcs/sources_1/new/sensor_data.vhd
Note: start
Time: 845 ns  Iteration: 1  Process: /DHT11_Interface_tb/uut/line__31  File: C:/Users/hello/Enviroscope files/Demos/oneSensorDemo/oneSensorDemo.srcs/sources_1/new/sensor_data.vhd
Note: State: 4
Time: 845 ns  Iteration: 1  Process: /DHT11_Interface_tb/uut/line__31  File: C:/Users/hello/Enviroscope files/Demos/oneSensorDemo/oneSensorDemo.srcs/sources_1/new/sensor_data.vhd
Note: startsgn: 1
Time: 845 ns  Iteration: 1  Process: /DHT11_Interface_tb/uut/line__31  File: C:/Users/hello/Enviroscope files/Demos/oneSensorDemo/oneSensorDemo.srcs/sources_1/new/sensor_data.vhd
Note: startsgn1: 1
Time: 845 ns  Iteration: 1  Process: /DHT11_Interface_tb/uut/line__31  File: C:/Users/hello/Enviroscope files/Demos/oneSensorDemo/oneSensorDemo.srcs/sources_1/new/sensor_data.vhd
Note: start
Time: 855 ns  Iteration: 1  Process: /DHT11_Interface_tb/uut/line__31  File: C:/Users/hello/Enviroscope files/Demos/oneSensorDemo/oneSensorDemo.srcs/sources_1/new/sensor_data.vhd
Note: State: 4
Time: 855 ns  Iteration: 1  Process: /DHT11_Interface_tb/uut/line__31  File: C:/Users/hello/Enviroscope files/Demos/oneSensorDemo/oneSensorDemo.srcs/sources_1/new/sensor_data.vhd
Note: startsgn: 1
Time: 855 ns  Iteration: 1  Process: /DHT11_Interface_tb/uut/line__31  File: C:/Users/hello/Enviroscope files/Demos/oneSensorDemo/oneSensorDemo.srcs/sources_1/new/sensor_data.vhd
Note: startsgn1: 1
Time: 855 ns  Iteration: 1  Process: /DHT11_Interface_tb/uut/line__31  File: C:/Users/hello/Enviroscope files/Demos/oneSensorDemo/oneSensorDemo.srcs/sources_1/new/sensor_data.vhd
Note: start
Time: 865 ns  Iteration: 1  Process: /DHT11_Interface_tb/uut/line__31  File: C:/Users/hello/Enviroscope files/Demos/oneSensorDemo/oneSensorDemo.srcs/sources_1/new/sensor_data.vhd
Note: State: 4
Time: 865 ns  Iteration: 1  Process: /DHT11_Interface_tb/uut/line__31  File: C:/Users/hello/Enviroscope files/Demos/oneSensorDemo/oneSensorDemo.srcs/sources_1/new/sensor_data.vhd
Note: startsgn: 1
Time: 865 ns  Iteration: 1  Process: /DHT11_Interface_tb/uut/line__31  File: C:/Users/hello/Enviroscope files/Demos/oneSensorDemo/oneSensorDemo.srcs/sources_1/new/sensor_data.vhd
Note: startsgn1: 1
Time: 865 ns  Iteration: 1  Process: /DHT11_Interface_tb/uut/line__31  File: C:/Users/hello/Enviroscope files/Demos/oneSensorDemo/oneSensorDemo.srcs/sources_1/new/sensor_data.vhd
Note: start
Time: 875 ns  Iteration: 1  Process: /DHT11_Interface_tb/uut/line__31  File: C:/Users/hello/Enviroscope files/Demos/oneSensorDemo/oneSensorDemo.srcs/sources_1/new/sensor_data.vhd
Note: State: 4
Time: 875 ns  Iteration: 1  Process: /DHT11_Interface_tb/uut/line__31  File: C:/Users/hello/Enviroscope files/Demos/oneSensorDemo/oneSensorDemo.srcs/sources_1/new/sensor_data.vhd
Note: startsgn: 1
Time: 875 ns  Iteration: 1  Process: /DHT11_Interface_tb/uut/line__31  File: C:/Users/hello/Enviroscope files/Demos/oneSensorDemo/oneSensorDemo.srcs/sources_1/new/sensor_data.vhd
Note: startsgn1: 1
Time: 875 ns  Iteration: 1  Process: /DHT11_Interface_tb/uut/line__31  File: C:/Users/hello/Enviroscope files/Demos/oneSensorDemo/oneSensorDemo.srcs/sources_1/new/sensor_data.vhd
Note: start
Time: 885 ns  Iteration: 1  Process: /DHT11_Interface_tb/uut/line__31  File: C:/Users/hello/Enviroscope files/Demos/oneSensorDemo/oneSensorDemo.srcs/sources_1/new/sensor_data.vhd
Note: State: 4
Time: 885 ns  Iteration: 1  Process: /DHT11_Interface_tb/uut/line__31  File: C:/Users/hello/Enviroscope files/Demos/oneSensorDemo/oneSensorDemo.srcs/sources_1/new/sensor_data.vhd
Note: startsgn: 1
Time: 885 ns  Iteration: 1  Process: /DHT11_Interface_tb/uut/line__31  File: C:/Users/hello/Enviroscope files/Demos/oneSensorDemo/oneSensorDemo.srcs/sources_1/new/sensor_data.vhd
Note: startsgn1: 1
Time: 885 ns  Iteration: 1  Process: /DHT11_Interface_tb/uut/line__31  File: C:/Users/hello/Enviroscope files/Demos/oneSensorDemo/oneSensorDemo.srcs/sources_1/new/sensor_data.vhd
Note: start
Time: 895 ns  Iteration: 1  Process: /DHT11_Interface_tb/uut/line__31  File: C:/Users/hello/Enviroscope files/Demos/oneSensorDemo/oneSensorDemo.srcs/sources_1/new/sensor_data.vhd
Note: State: 4
Time: 895 ns  Iteration: 1  Process: /DHT11_Interface_tb/uut/line__31  File: C:/Users/hello/Enviroscope files/Demos/oneSensorDemo/oneSensorDemo.srcs/sources_1/new/sensor_data.vhd
Note: startsgn: 1
Time: 895 ns  Iteration: 1  Process: /DHT11_Interface_tb/uut/line__31  File: C:/Users/hello/Enviroscope files/Demos/oneSensorDemo/oneSensorDemo.srcs/sources_1/new/sensor_data.vhd
Note: startsgn1: 1
Time: 895 ns  Iteration: 1  Process: /DHT11_Interface_tb/uut/line__31  File: C:/Users/hello/Enviroscope files/Demos/oneSensorDemo/oneSensorDemo.srcs/sources_1/new/sensor_data.vhd
Note: start
Time: 905 ns  Iteration: 1  Process: /DHT11_Interface_tb/uut/line__31  File: C:/Users/hello/Enviroscope files/Demos/oneSensorDemo/oneSensorDemo.srcs/sources_1/new/sensor_data.vhd
Note: State: 4
Time: 905 ns  Iteration: 1  Process: /DHT11_Interface_tb/uut/line__31  File: C:/Users/hello/Enviroscope files/Demos/oneSensorDemo/oneSensorDemo.srcs/sources_1/new/sensor_data.vhd
Note: startsgn: 1
Time: 905 ns  Iteration: 1  Process: /DHT11_Interface_tb/uut/line__31  File: C:/Users/hello/Enviroscope files/Demos/oneSensorDemo/oneSensorDemo.srcs/sources_1/new/sensor_data.vhd
Note: startsgn1: 1
Time: 905 ns  Iteration: 1  Process: /DHT11_Interface_tb/uut/line__31  File: C:/Users/hello/Enviroscope files/Demos/oneSensorDemo/oneSensorDemo.srcs/sources_1/new/sensor_data.vhd
Note: start
Time: 915 ns  Iteration: 1  Process: /DHT11_Interface_tb/uut/line__31  File: C:/Users/hello/Enviroscope files/Demos/oneSensorDemo/oneSensorDemo.srcs/sources_1/new/sensor_data.vhd
Note: State: 4
Time: 915 ns  Iteration: 1  Process: /DHT11_Interface_tb/uut/line__31  File: C:/Users/hello/Enviroscope files/Demos/oneSensorDemo/oneSensorDemo.srcs/sources_1/new/sensor_data.vhd
Note: startsgn: 1
Time: 915 ns  Iteration: 1  Process: /DHT11_Interface_tb/uut/line__31  File: C:/Users/hello/Enviroscope files/Demos/oneSensorDemo/oneSensorDemo.srcs/sources_1/new/sensor_data.vhd
Note: startsgn1: 1
Time: 915 ns  Iteration: 1  Process: /DHT11_Interface_tb/uut/line__31  File: C:/Users/hello/Enviroscope files/Demos/oneSensorDemo/oneSensorDemo.srcs/sources_1/new/sensor_data.vhd
Note: start
Time: 925 ns  Iteration: 1  Process: /DHT11_Interface_tb/uut/line__31  File: C:/Users/hello/Enviroscope files/Demos/oneSensorDemo/oneSensorDemo.srcs/sources_1/new/sensor_data.vhd
Note: State: 4
Time: 925 ns  Iteration: 1  Process: /DHT11_Interface_tb/uut/line__31  File: C:/Users/hello/Enviroscope files/Demos/oneSensorDemo/oneSensorDemo.srcs/sources_1/new/sensor_data.vhd
Note: startsgn: 1
Time: 925 ns  Iteration: 1  Process: /DHT11_Interface_tb/uut/line__31  File: C:/Users/hello/Enviroscope files/Demos/oneSensorDemo/oneSensorDemo.srcs/sources_1/new/sensor_data.vhd
Note: startsgn1: 1
Time: 925 ns  Iteration: 1  Process: /DHT11_Interface_tb/uut/line__31  File: C:/Users/hello/Enviroscope files/Demos/oneSensorDemo/oneSensorDemo.srcs/sources_1/new/sensor_data.vhd
Note: start
Time: 935 ns  Iteration: 1  Process: /DHT11_Interface_tb/uut/line__31  File: C:/Users/hello/Enviroscope files/Demos/oneSensorDemo/oneSensorDemo.srcs/sources_1/new/sensor_data.vhd
Note: State: 4
Time: 935 ns  Iteration: 1  Process: /DHT11_Interface_tb/uut/line__31  File: C:/Users/hello/Enviroscope files/Demos/oneSensorDemo/oneSensorDemo.srcs/sources_1/new/sensor_data.vhd
Note: startsgn: 1
Time: 935 ns  Iteration: 1  Process: /DHT11_Interface_tb/uut/line__31  File: C:/Users/hello/Enviroscope files/Demos/oneSensorDemo/oneSensorDemo.srcs/sources_1/new/sensor_data.vhd
Note: startsgn1: 1
Time: 935 ns  Iteration: 1  Process: /DHT11_Interface_tb/uut/line__31  File: C:/Users/hello/Enviroscope files/Demos/oneSensorDemo/oneSensorDemo.srcs/sources_1/new/sensor_data.vhd
Note: start
Time: 945 ns  Iteration: 1  Process: /DHT11_Interface_tb/uut/line__31  File: C:/Users/hello/Enviroscope files/Demos/oneSensorDemo/oneSensorDemo.srcs/sources_1/new/sensor_data.vhd
Note: State: 4
Time: 945 ns  Iteration: 1  Process: /DHT11_Interface_tb/uut/line__31  File: C:/Users/hello/Enviroscope files/Demos/oneSensorDemo/oneSensorDemo.srcs/sources_1/new/sensor_data.vhd
Note: startsgn: 1
Time: 945 ns  Iteration: 1  Process: /DHT11_Interface_tb/uut/line__31  File: C:/Users/hello/Enviroscope files/Demos/oneSensorDemo/oneSensorDemo.srcs/sources_1/new/sensor_data.vhd
Note: startsgn1: 1
Time: 945 ns  Iteration: 1  Process: /DHT11_Interface_tb/uut/line__31  File: C:/Users/hello/Enviroscope files/Demos/oneSensorDemo/oneSensorDemo.srcs/sources_1/new/sensor_data.vhd
Note: start
Time: 955 ns  Iteration: 1  Process: /DHT11_Interface_tb/uut/line__31  File: C:/Users/hello/Enviroscope files/Demos/oneSensorDemo/oneSensorDemo.srcs/sources_1/new/sensor_data.vhd
Note: State: 4
Time: 955 ns  Iteration: 1  Process: /DHT11_Interface_tb/uut/line__31  File: C:/Users/hello/Enviroscope files/Demos/oneSensorDemo/oneSensorDemo.srcs/sources_1/new/sensor_data.vhd
Note: startsgn: 1
Time: 955 ns  Iteration: 1  Process: /DHT11_Interface_tb/uut/line__31  File: C:/Users/hello/Enviroscope files/Demos/oneSensorDemo/oneSensorDemo.srcs/sources_1/new/sensor_data.vhd
Note: startsgn1: 1
Time: 955 ns  Iteration: 1  Process: /DHT11_Interface_tb/uut/line__31  File: C:/Users/hello/Enviroscope files/Demos/oneSensorDemo/oneSensorDemo.srcs/sources_1/new/sensor_data.vhd
Note: start
Time: 965 ns  Iteration: 1  Process: /DHT11_Interface_tb/uut/line__31  File: C:/Users/hello/Enviroscope files/Demos/oneSensorDemo/oneSensorDemo.srcs/sources_1/new/sensor_data.vhd
Note: State: 4
Time: 965 ns  Iteration: 1  Process: /DHT11_Interface_tb/uut/line__31  File: C:/Users/hello/Enviroscope files/Demos/oneSensorDemo/oneSensorDemo.srcs/sources_1/new/sensor_data.vhd
Note: startsgn: 1
Time: 965 ns  Iteration: 1  Process: /DHT11_Interface_tb/uut/line__31  File: C:/Users/hello/Enviroscope files/Demos/oneSensorDemo/oneSensorDemo.srcs/sources_1/new/sensor_data.vhd
Note: startsgn1: 1
Time: 965 ns  Iteration: 1  Process: /DHT11_Interface_tb/uut/line__31  File: C:/Users/hello/Enviroscope files/Demos/oneSensorDemo/oneSensorDemo.srcs/sources_1/new/sensor_data.vhd
Note: start
Time: 975 ns  Iteration: 1  Process: /DHT11_Interface_tb/uut/line__31  File: C:/Users/hello/Enviroscope files/Demos/oneSensorDemo/oneSensorDemo.srcs/sources_1/new/sensor_data.vhd
Note: State: 4
Time: 975 ns  Iteration: 1  Process: /DHT11_Interface_tb/uut/line__31  File: C:/Users/hello/Enviroscope files/Demos/oneSensorDemo/oneSensorDemo.srcs/sources_1/new/sensor_data.vhd
Note: startsgn: 1
Time: 975 ns  Iteration: 1  Process: /DHT11_Interface_tb/uut/line__31  File: C:/Users/hello/Enviroscope files/Demos/oneSensorDemo/oneSensorDemo.srcs/sources_1/new/sensor_data.vhd
Note: startsgn1: 1
Time: 975 ns  Iteration: 1  Process: /DHT11_Interface_tb/uut/line__31  File: C:/Users/hello/Enviroscope files/Demos/oneSensorDemo/oneSensorDemo.srcs/sources_1/new/sensor_data.vhd
Note: start
Time: 985 ns  Iteration: 1  Process: /DHT11_Interface_tb/uut/line__31  File: C:/Users/hello/Enviroscope files/Demos/oneSensorDemo/oneSensorDemo.srcs/sources_1/new/sensor_data.vhd
Note: State: 4
Time: 985 ns  Iteration: 1  Process: /DHT11_Interface_tb/uut/line__31  File: C:/Users/hello/Enviroscope files/Demos/oneSensorDemo/oneSensorDemo.srcs/sources_1/new/sensor_data.vhd
Note: startsgn: 1
Time: 985 ns  Iteration: 1  Process: /DHT11_Interface_tb/uut/line__31  File: C:/Users/hello/Enviroscope files/Demos/oneSensorDemo/oneSensorDemo.srcs/sources_1/new/sensor_data.vhd
Note: startsgn1: 1
Time: 985 ns  Iteration: 1  Process: /DHT11_Interface_tb/uut/line__31  File: C:/Users/hello/Enviroscope files/Demos/oneSensorDemo/oneSensorDemo.srcs/sources_1/new/sensor_data.vhd
Note: start
Time: 995 ns  Iteration: 1  Process: /DHT11_Interface_tb/uut/line__31  File: C:/Users/hello/Enviroscope files/Demos/oneSensorDemo/oneSensorDemo.srcs/sources_1/new/sensor_data.vhd
Note: State: 4
Time: 995 ns  Iteration: 1  Process: /DHT11_Interface_tb/uut/line__31  File: C:/Users/hello/Enviroscope files/Demos/oneSensorDemo/oneSensorDemo.srcs/sources_1/new/sensor_data.vhd
Note: startsgn: 1
Time: 995 ns  Iteration: 1  Process: /DHT11_Interface_tb/uut/line__31  File: C:/Users/hello/Enviroscope files/Demos/oneSensorDemo/oneSensorDemo.srcs/sources_1/new/sensor_data.vhd
Note: startsgn1: 1
Time: 995 ns  Iteration: 1  Process: /DHT11_Interface_tb/uut/line__31  File: C:/Users/hello/Enviroscope files/Demos/oneSensorDemo/oneSensorDemo.srcs/sources_1/new/sensor_data.vhd
